<?xml version="1.0" encoding="UTF-8"?>
<testsuite xmlns:xsi="http://www.w3.org/2001/XMLSchema-instance" xsi:noNamespaceSchemaLocation="https://maven.apache.org/surefire/maven-surefire-plugin/xsd/surefire-test-report.xsd" version="3.0.2" name="TestSuite" time="38.711" tests="12" errors="0" skipped="0" failures="1">
  <properties>
    <property name="java.specification.version" value="23"/>
    <property name="sun.jnu.encoding" value="UTF-8"/>
    <property name="java.class.path" value="/Users/muhammadqaiser/Documents/Automation Stuff/IntelliJ IDEA/openCartProject/Opencart/target/test-classes:/Users/muhammadqaiser/Documents/Automation Stuff/IntelliJ IDEA/openCartProject/Opencart/target/classes:/Users/muhammadqaiser/.m2/repository/org/seleniumhq/selenium/selenium-java/4.28.0/selenium-java-4.28.0.jar:/Users/muhammadqaiser/.m2/repository/org/seleniumhq/selenium/selenium-api/4.28.0/selenium-api-4.28.0.jar:/Users/muhammadqaiser/.m2/repository/org/jspecify/jspecify/1.0.0/jspecify-1.0.0.jar:/Users/muhammadqaiser/.m2/repository/org/seleniumhq/selenium/selenium-chrome-driver/4.28.0/selenium-chrome-driver-4.28.0.jar:/Users/muhammadqaiser/.m2/repository/org/seleniumhq/selenium/selenium-chromium-driver/4.28.0/selenium-chromium-driver-4.28.0.jar:/Users/muhammadqaiser/.m2/repository/org/seleniumhq/selenium/selenium-manager/4.28.0/selenium-manager-4.28.0.jar:/Users/muhammadqaiser/.m2/repository/org/seleniumhq/selenium/selenium-devtools-v130/4.28.0/selenium-devtools-v130-4.28.0.jar:/Users/muhammadqaiser/.m2/repository/org/seleniumhq/selenium/selenium-devtools-v131/4.28.0/selenium-devtools-v131-4.28.0.jar:/Users/muhammadqaiser/.m2/repository/org/seleniumhq/selenium/selenium-devtools-v132/4.28.0/selenium-devtools-v132-4.28.0.jar:/Users/muhammadqaiser/.m2/repository/org/seleniumhq/selenium/selenium-devtools-v85/4.28.0/selenium-devtools-v85-4.28.0.jar:/Users/muhammadqaiser/.m2/repository/org/seleniumhq/selenium/selenium-edge-driver/4.28.0/selenium-edge-driver-4.28.0.jar:/Users/muhammadqaiser/.m2/repository/org/seleniumhq/selenium/selenium-firefox-driver/4.28.0/selenium-firefox-driver-4.28.0.jar:/Users/muhammadqaiser/.m2/repository/org/seleniumhq/selenium/selenium-http/4.28.0/selenium-http-4.28.0.jar:/Users/muhammadqaiser/.m2/repository/org/seleniumhq/selenium/selenium-ie-driver/4.28.0/selenium-ie-driver-4.28.0.jar:/Users/muhammadqaiser/.m2/repository/org/seleniumhq/selenium/selenium-remote-driver/4.28.0/selenium-remote-driver-4.28.0.jar:/Users/muhammadqaiser/.m2/repository/io/opentelemetry/semconv/opentelemetry-semconv/1.28.0-alpha/opentelemetry-semconv-1.28.0-alpha.jar:/Users/muhammadqaiser/.m2/repository/io/opentelemetry/opentelemetry-api/1.46.0/opentelemetry-api-1.46.0.jar:/Users/muhammadqaiser/.m2/repository/io/opentelemetry/opentelemetry-context/1.46.0/opentelemetry-context-1.46.0.jar:/Users/muhammadqaiser/.m2/repository/io/opentelemetry/opentelemetry-exporter-logging/1.46.0/opentelemetry-exporter-logging-1.46.0.jar:/Users/muhammadqaiser/.m2/repository/io/opentelemetry/opentelemetry-sdk-common/1.46.0/opentelemetry-sdk-common-1.46.0.jar:/Users/muhammadqaiser/.m2/repository/io/opentelemetry/opentelemetry-sdk-extension-autoconfigure-spi/1.46.0/opentelemetry-sdk-extension-autoconfigure-spi-1.46.0.jar:/Users/muhammadqaiser/.m2/repository/io/opentelemetry/opentelemetry-sdk-extension-autoconfigure/1.46.0/opentelemetry-sdk-extension-autoconfigure-1.46.0.jar:/Users/muhammadqaiser/.m2/repository/io/opentelemetry/opentelemetry-api-incubator/1.46.0-alpha/opentelemetry-api-incubator-1.46.0-alpha.jar:/Users/muhammadqaiser/.m2/repository/io/opentelemetry/opentelemetry-sdk-trace/1.46.0/opentelemetry-sdk-trace-1.46.0.jar:/Users/muhammadqaiser/.m2/repository/io/opentelemetry/opentelemetry-sdk/1.46.0/opentelemetry-sdk-1.46.0.jar:/Users/muhammadqaiser/.m2/repository/io/opentelemetry/opentelemetry-sdk-metrics/1.46.0/opentelemetry-sdk-metrics-1.46.0.jar:/Users/muhammadqaiser/.m2/repository/io/opentelemetry/opentelemetry-sdk-logs/1.46.0/opentelemetry-sdk-logs-1.46.0.jar:/Users/muhammadqaiser/.m2/repository/org/seleniumhq/selenium/selenium-os/4.28.0/selenium-os-4.28.0.jar:/Users/muhammadqaiser/.m2/repository/org/apache/commons/commons-exec/1.4.0/commons-exec-1.4.0.jar:/Users/muhammadqaiser/.m2/repository/org/seleniumhq/selenium/selenium-safari-driver/4.28.0/selenium-safari-driver-4.28.0.jar:/Users/muhammadqaiser/.m2/repository/org/seleniumhq/selenium/selenium-support/4.28.0/selenium-support-4.28.0.jar:/Users/muhammadqaiser/.m2/repository/com/google/auto/service/auto-service-annotations/1.1.1/auto-service-annotations-1.1.1.jar:/Users/muhammadqaiser/.m2/repository/com/google/guava/guava/33.4.0-jre/guava-33.4.0-jre.jar:/Users/muhammadqaiser/.m2/repository/com/google/guava/failureaccess/1.0.2/failureaccess-1.0.2.jar:/Users/muhammadqaiser/.m2/repository/com/google/guava/listenablefuture/9999.0-empty-to-avoid-conflict-with-guava/listenablefuture-9999.0-empty-to-avoid-conflict-with-guava.jar:/Users/muhammadqaiser/.m2/repository/com/google/code/findbugs/jsr305/3.0.2/jsr305-3.0.2.jar:/Users/muhammadqaiser/.m2/repository/org/checkerframework/checker-qual/3.43.0/checker-qual-3.43.0.jar:/Users/muhammadqaiser/.m2/repository/com/google/errorprone/error_prone_annotations/2.36.0/error_prone_annotations-2.36.0.jar:/Users/muhammadqaiser/.m2/repository/com/google/j2objc/j2objc-annotations/3.0.0/j2objc-annotations-3.0.0.jar:/Users/muhammadqaiser/.m2/repository/net/bytebuddy/byte-buddy/1.15.11/byte-buddy-1.15.11.jar:/Users/muhammadqaiser/.m2/repository/org/seleniumhq/selenium/selenium-json/4.28.0/selenium-json-4.28.0.jar:/Users/muhammadqaiser/.m2/repository/org/testng/testng/7.10.2/testng-7.10.2.jar:/Users/muhammadqaiser/.m2/repository/org/slf4j/slf4j-api/1.7.36/slf4j-api-1.7.36.jar:/Users/muhammadqaiser/.m2/repository/com/beust/jcommander/1.82/jcommander-1.82.jar:/Users/muhammadqaiser/.m2/repository/org/webjars/jquery/3.7.1/jquery-3.7.1.jar:/Users/muhammadqaiser/.m2/repository/org/apache/maven/plugins/maven-surefire-plugin/3.5.2/maven-surefire-plugin-3.5.2.jar:/Users/muhammadqaiser/.m2/repository/org/apache/maven/surefire/surefire-api/3.5.2/surefire-api-3.5.2.jar:/Users/muhammadqaiser/.m2/repository/org/apache/maven/surefire/surefire-logger-api/3.5.2/surefire-logger-api-3.5.2.jar:/Users/muhammadqaiser/.m2/repository/org/apache/maven/surefire/surefire-shared-utils/3.5.2/surefire-shared-utils-3.5.2.jar:/Users/muhammadqaiser/.m2/repository/org/apache/maven/surefire/surefire-extensions-api/3.5.2/surefire-extensions-api-3.5.2.jar:/Users/muhammadqaiser/.m2/repository/org/apache/maven/surefire/maven-surefire-common/3.5.2/maven-surefire-common-3.5.2.jar:/Users/muhammadqaiser/.m2/repository/org/apache/maven/surefire/surefire-booter/3.5.2/surefire-booter-3.5.2.jar:/Users/muhammadqaiser/.m2/repository/org/apache/maven/surefire/surefire-extensions-spi/3.5.2/surefire-extensions-spi-3.5.2.jar:/Users/muhammadqaiser/.m2/repository/org/apache/maven/resolver/maven-resolver-util/1.4.1/maven-resolver-util-1.4.1.jar:/Users/muhammadqaiser/.m2/repository/org/apache/maven/resolver/maven-resolver-api/1.4.1/maven-resolver-api-1.4.1.jar:/Users/muhammadqaiser/.m2/repository/org/apache/maven/shared/maven-common-artifact-filters/3.4.0/maven-common-artifact-filters-3.4.0.jar:/Users/muhammadqaiser/.m2/repository/org/codehaus/plexus/plexus-java/1.3.0/plexus-java-1.3.0.jar:/Users/muhammadqaiser/.m2/repository/org/ow2/asm/asm/9.7/asm-9.7.jar:/Users/muhammadqaiser/.m2/repository/com/thoughtworks/qdox/qdox/2.1.0/qdox-2.1.0.jar:/Users/muhammadqaiser/.m2/repository/org/apache/poi/poi/5.4.0/poi-5.4.0.jar:/Users/muhammadqaiser/.m2/repository/commons-codec/commons-codec/1.17.1/commons-codec-1.17.1.jar:/Users/muhammadqaiser/.m2/repository/org/apache/commons/commons-collections4/4.4/commons-collections4-4.4.jar:/Users/muhammadqaiser/.m2/repository/org/apache/commons/commons-math3/3.6.1/commons-math3-3.6.1.jar:/Users/muhammadqaiser/.m2/repository/commons-io/commons-io/2.18.0/commons-io-2.18.0.jar:/Users/muhammadqaiser/.m2/repository/com/zaxxer/SparseBitSet/1.3/SparseBitSet-1.3.jar:/Users/muhammadqaiser/.m2/repository/org/apache/logging/log4j/log4j-api/2.24.3/log4j-api-2.24.3.jar:/Users/muhammadqaiser/.m2/repository/org/apache/poi/poi-ooxml/5.2.5/poi-ooxml-5.2.5.jar:/Users/muhammadqaiser/.m2/repository/org/apache/poi/poi-ooxml-lite/5.2.5/poi-ooxml-lite-5.2.5.jar:/Users/muhammadqaiser/.m2/repository/org/apache/xmlbeans/xmlbeans/5.2.0/xmlbeans-5.2.0.jar:/Users/muhammadqaiser/.m2/repository/org/apache/commons/commons-compress/1.25.0/commons-compress-1.25.0.jar:/Users/muhammadqaiser/.m2/repository/com/github/virtuald/curvesapi/1.08/curvesapi-1.08.jar:/Users/muhammadqaiser/.m2/repository/org/apache/poi/poi-scratchpad/5.2.5/poi-scratchpad-5.2.5.jar:/Users/muhammadqaiser/.m2/repository/com/aventstack/extentreports/5.1.2/extentreports-5.1.2.jar:/Users/muhammadqaiser/.m2/repository/io/reactivex/rxjava3/rxjava/3.1.6/rxjava-3.1.6.jar:/Users/muhammadqaiser/.m2/repository/org/reactivestreams/reactive-streams/1.0.4/reactive-streams-1.0.4.jar:/Users/muhammadqaiser/.m2/repository/org/freemarker/freemarker/2.3.32/freemarker-2.3.32.jar:/Users/muhammadqaiser/.m2/repository/org/projectlombok/lombok/1.18.26/lombok-1.18.26.jar:/Users/muhammadqaiser/.m2/repository/com/google/code/gson/gson/2.10.1/gson-2.10.1.jar:"/>
    <property name="java.vm.vendor" value="Oracle Corporation"/>
    <property name="sun.arch.data.model" value="64"/>
    <property name="java.vendor.url" value="https://java.oracle.com/"/>
    <property name="user.timezone" value="Europe/London"/>
    <property name="os.name" value="Mac OS X"/>
    <property name="java.vm.specification.version" value="23"/>
    <property name="sun.java.launcher" value="SUN_STANDARD"/>
    <property name="user.country" value="GB"/>
    <property name="sun.boot.library.path" value="/Library/Java/JavaVirtualMachines/jdk-23.jdk/Contents/Home/lib"/>
    <property name="sun.java.command" value="/Users/muhammadqaiser/Documents/Automation Stuff/IntelliJ IDEA/openCartProject/Opencart/target/surefire/surefirebooter-20250204050125788_3.jar /Users/muhammadqaiser/Documents/Automation Stuff/IntelliJ IDEA/openCartProject/Opencart/target/surefire 2025-02-04T05-01-25_686-jvmRun1 surefire-20250204050125788_1tmp surefire_0-20250204050125788_2tmp"/>
    <property name="http.nonProxyHosts" value="local|*.local|169.254/16|*.169.254/16"/>
    <property name="jdk.debug" value="release"/>
    <property name="surefire.test.class.path" value="/Users/muhammadqaiser/Documents/Automation Stuff/IntelliJ IDEA/openCartProject/Opencart/target/test-classes:/Users/muhammadqaiser/Documents/Automation Stuff/IntelliJ IDEA/openCartProject/Opencart/target/classes:/Users/muhammadqaiser/.m2/repository/org/seleniumhq/selenium/selenium-java/4.28.0/selenium-java-4.28.0.jar:/Users/muhammadqaiser/.m2/repository/org/seleniumhq/selenium/selenium-api/4.28.0/selenium-api-4.28.0.jar:/Users/muhammadqaiser/.m2/repository/org/jspecify/jspecify/1.0.0/jspecify-1.0.0.jar:/Users/muhammadqaiser/.m2/repository/org/seleniumhq/selenium/selenium-chrome-driver/4.28.0/selenium-chrome-driver-4.28.0.jar:/Users/muhammadqaiser/.m2/repository/org/seleniumhq/selenium/selenium-chromium-driver/4.28.0/selenium-chromium-driver-4.28.0.jar:/Users/muhammadqaiser/.m2/repository/org/seleniumhq/selenium/selenium-manager/4.28.0/selenium-manager-4.28.0.jar:/Users/muhammadqaiser/.m2/repository/org/seleniumhq/selenium/selenium-devtools-v130/4.28.0/selenium-devtools-v130-4.28.0.jar:/Users/muhammadqaiser/.m2/repository/org/seleniumhq/selenium/selenium-devtools-v131/4.28.0/selenium-devtools-v131-4.28.0.jar:/Users/muhammadqaiser/.m2/repository/org/seleniumhq/selenium/selenium-devtools-v132/4.28.0/selenium-devtools-v132-4.28.0.jar:/Users/muhammadqaiser/.m2/repository/org/seleniumhq/selenium/selenium-devtools-v85/4.28.0/selenium-devtools-v85-4.28.0.jar:/Users/muhammadqaiser/.m2/repository/org/seleniumhq/selenium/selenium-edge-driver/4.28.0/selenium-edge-driver-4.28.0.jar:/Users/muhammadqaiser/.m2/repository/org/seleniumhq/selenium/selenium-firefox-driver/4.28.0/selenium-firefox-driver-4.28.0.jar:/Users/muhammadqaiser/.m2/repository/org/seleniumhq/selenium/selenium-http/4.28.0/selenium-http-4.28.0.jar:/Users/muhammadqaiser/.m2/repository/org/seleniumhq/selenium/selenium-ie-driver/4.28.0/selenium-ie-driver-4.28.0.jar:/Users/muhammadqaiser/.m2/repository/org/seleniumhq/selenium/selenium-remote-driver/4.28.0/selenium-remote-driver-4.28.0.jar:/Users/muhammadqaiser/.m2/repository/io/opentelemetry/semconv/opentelemetry-semconv/1.28.0-alpha/opentelemetry-semconv-1.28.0-alpha.jar:/Users/muhammadqaiser/.m2/repository/io/opentelemetry/opentelemetry-api/1.46.0/opentelemetry-api-1.46.0.jar:/Users/muhammadqaiser/.m2/repository/io/opentelemetry/opentelemetry-context/1.46.0/opentelemetry-context-1.46.0.jar:/Users/muhammadqaiser/.m2/repository/io/opentelemetry/opentelemetry-exporter-logging/1.46.0/opentelemetry-exporter-logging-1.46.0.jar:/Users/muhammadqaiser/.m2/repository/io/opentelemetry/opentelemetry-sdk-common/1.46.0/opentelemetry-sdk-common-1.46.0.jar:/Users/muhammadqaiser/.m2/repository/io/opentelemetry/opentelemetry-sdk-extension-autoconfigure-spi/1.46.0/opentelemetry-sdk-extension-autoconfigure-spi-1.46.0.jar:/Users/muhammadqaiser/.m2/repository/io/opentelemetry/opentelemetry-sdk-extension-autoconfigure/1.46.0/opentelemetry-sdk-extension-autoconfigure-1.46.0.jar:/Users/muhammadqaiser/.m2/repository/io/opentelemetry/opentelemetry-api-incubator/1.46.0-alpha/opentelemetry-api-incubator-1.46.0-alpha.jar:/Users/muhammadqaiser/.m2/repository/io/opentelemetry/opentelemetry-sdk-trace/1.46.0/opentelemetry-sdk-trace-1.46.0.jar:/Users/muhammadqaiser/.m2/repository/io/opentelemetry/opentelemetry-sdk/1.46.0/opentelemetry-sdk-1.46.0.jar:/Users/muhammadqaiser/.m2/repository/io/opentelemetry/opentelemetry-sdk-metrics/1.46.0/opentelemetry-sdk-metrics-1.46.0.jar:/Users/muhammadqaiser/.m2/repository/io/opentelemetry/opentelemetry-sdk-logs/1.46.0/opentelemetry-sdk-logs-1.46.0.jar:/Users/muhammadqaiser/.m2/repository/org/seleniumhq/selenium/selenium-os/4.28.0/selenium-os-4.28.0.jar:/Users/muhammadqaiser/.m2/repository/org/apache/commons/commons-exec/1.4.0/commons-exec-1.4.0.jar:/Users/muhammadqaiser/.m2/repository/org/seleniumhq/selenium/selenium-safari-driver/4.28.0/selenium-safari-driver-4.28.0.jar:/Users/muhammadqaiser/.m2/repository/org/seleniumhq/selenium/selenium-support/4.28.0/selenium-support-4.28.0.jar:/Users/muhammadqaiser/.m2/repository/com/google/auto/service/auto-service-annotations/1.1.1/auto-service-annotations-1.1.1.jar:/Users/muhammadqaiser/.m2/repository/com/google/guava/guava/33.4.0-jre/guava-33.4.0-jre.jar:/Users/muhammadqaiser/.m2/repository/com/google/guava/failureaccess/1.0.2/failureaccess-1.0.2.jar:/Users/muhammadqaiser/.m2/repository/com/google/guava/listenablefuture/9999.0-empty-to-avoid-conflict-with-guava/listenablefuture-9999.0-empty-to-avoid-conflict-with-guava.jar:/Users/muhammadqaiser/.m2/repository/com/google/code/findbugs/jsr305/3.0.2/jsr305-3.0.2.jar:/Users/muhammadqaiser/.m2/repository/org/checkerframework/checker-qual/3.43.0/checker-qual-3.43.0.jar:/Users/muhammadqaiser/.m2/repository/com/google/errorprone/error_prone_annotations/2.36.0/error_prone_annotations-2.36.0.jar:/Users/muhammadqaiser/.m2/repository/com/google/j2objc/j2objc-annotations/3.0.0/j2objc-annotations-3.0.0.jar:/Users/muhammadqaiser/.m2/repository/net/bytebuddy/byte-buddy/1.15.11/byte-buddy-1.15.11.jar:/Users/muhammadqaiser/.m2/repository/org/seleniumhq/selenium/selenium-json/4.28.0/selenium-json-4.28.0.jar:/Users/muhammadqaiser/.m2/repository/org/testng/testng/7.10.2/testng-7.10.2.jar:/Users/muhammadqaiser/.m2/repository/org/slf4j/slf4j-api/1.7.36/slf4j-api-1.7.36.jar:/Users/muhammadqaiser/.m2/repository/com/beust/jcommander/1.82/jcommander-1.82.jar:/Users/muhammadqaiser/.m2/repository/org/webjars/jquery/3.7.1/jquery-3.7.1.jar:/Users/muhammadqaiser/.m2/repository/org/apache/maven/plugins/maven-surefire-plugin/3.5.2/maven-surefire-plugin-3.5.2.jar:/Users/muhammadqaiser/.m2/repository/org/apache/maven/surefire/surefire-api/3.5.2/surefire-api-3.5.2.jar:/Users/muhammadqaiser/.m2/repository/org/apache/maven/surefire/surefire-logger-api/3.5.2/surefire-logger-api-3.5.2.jar:/Users/muhammadqaiser/.m2/repository/org/apache/maven/surefire/surefire-shared-utils/3.5.2/surefire-shared-utils-3.5.2.jar:/Users/muhammadqaiser/.m2/repository/org/apache/maven/surefire/surefire-extensions-api/3.5.2/surefire-extensions-api-3.5.2.jar:/Users/muhammadqaiser/.m2/repository/org/apache/maven/surefire/maven-surefire-common/3.5.2/maven-surefire-common-3.5.2.jar:/Users/muhammadqaiser/.m2/repository/org/apache/maven/surefire/surefire-booter/3.5.2/surefire-booter-3.5.2.jar:/Users/muhammadqaiser/.m2/repository/org/apache/maven/surefire/surefire-extensions-spi/3.5.2/surefire-extensions-spi-3.5.2.jar:/Users/muhammadqaiser/.m2/repository/org/apache/maven/resolver/maven-resolver-util/1.4.1/maven-resolver-util-1.4.1.jar:/Users/muhammadqaiser/.m2/repository/org/apache/maven/resolver/maven-resolver-api/1.4.1/maven-resolver-api-1.4.1.jar:/Users/muhammadqaiser/.m2/repository/org/apache/maven/shared/maven-common-artifact-filters/3.4.0/maven-common-artifact-filters-3.4.0.jar:/Users/muhammadqaiser/.m2/repository/org/codehaus/plexus/plexus-java/1.3.0/plexus-java-1.3.0.jar:/Users/muhammadqaiser/.m2/repository/org/ow2/asm/asm/9.7/asm-9.7.jar:/Users/muhammadqaiser/.m2/repository/com/thoughtworks/qdox/qdox/2.1.0/qdox-2.1.0.jar:/Users/muhammadqaiser/.m2/repository/org/apache/poi/poi/5.4.0/poi-5.4.0.jar:/Users/muhammadqaiser/.m2/repository/commons-codec/commons-codec/1.17.1/commons-codec-1.17.1.jar:/Users/muhammadqaiser/.m2/repository/org/apache/commons/commons-collections4/4.4/commons-collections4-4.4.jar:/Users/muhammadqaiser/.m2/repository/org/apache/commons/commons-math3/3.6.1/commons-math3-3.6.1.jar:/Users/muhammadqaiser/.m2/repository/commons-io/commons-io/2.18.0/commons-io-2.18.0.jar:/Users/muhammadqaiser/.m2/repository/com/zaxxer/SparseBitSet/1.3/SparseBitSet-1.3.jar:/Users/muhammadqaiser/.m2/repository/org/apache/logging/log4j/log4j-api/2.24.3/log4j-api-2.24.3.jar:/Users/muhammadqaiser/.m2/repository/org/apache/poi/poi-ooxml/5.2.5/poi-ooxml-5.2.5.jar:/Users/muhammadqaiser/.m2/repository/org/apache/poi/poi-ooxml-lite/5.2.5/poi-ooxml-lite-5.2.5.jar:/Users/muhammadqaiser/.m2/repository/org/apache/xmlbeans/xmlbeans/5.2.0/xmlbeans-5.2.0.jar:/Users/muhammadqaiser/.m2/repository/org/apache/commons/commons-compress/1.25.0/commons-compress-1.25.0.jar:/Users/muhammadqaiser/.m2/repository/com/github/virtuald/curvesapi/1.08/curvesapi-1.08.jar:/Users/muhammadqaiser/.m2/repository/org/apache/poi/poi-scratchpad/5.2.5/poi-scratchpad-5.2.5.jar:/Users/muhammadqaiser/.m2/repository/com/aventstack/extentreports/5.1.2/extentreports-5.1.2.jar:/Users/muhammadqaiser/.m2/repository/io/reactivex/rxjava3/rxjava/3.1.6/rxjava-3.1.6.jar:/Users/muhammadqaiser/.m2/repository/org/reactivestreams/reactive-streams/1.0.4/reactive-streams-1.0.4.jar:/Users/muhammadqaiser/.m2/repository/org/freemarker/freemarker/2.3.32/freemarker-2.3.32.jar:/Users/muhammadqaiser/.m2/repository/org/projectlombok/lombok/1.18.26/lombok-1.18.26.jar:/Users/muhammadqaiser/.m2/repository/com/google/code/gson/gson/2.10.1/gson-2.10.1.jar:"/>
    <property name="sun.cpu.endian" value="little"/>
    <property name="user.home" value="/Users/muhammadqaiser"/>
    <property name="user.language" value="en"/>
    <property name="java.specification.vendor" value="Oracle Corporation"/>
    <property name="java.version.date" value="2024-10-15"/>
    <property name="java.home" value="/Library/Java/JavaVirtualMachines/jdk-23.jdk/Contents/Home"/>
    <property name="file.separator" value="/"/>
    <property name="basedir" value="/Users/muhammadqaiser/Documents/Automation Stuff/IntelliJ IDEA/openCartProject/Opencart"/>
    <property name="java.vm.compressedOopsMode" value="Zero based"/>
    <property name="line.separator" value="&#10;"/>
    <property name="java.vm.specification.vendor" value="Oracle Corporation"/>
    <property name="java.specification.name" value="Java Platform API Specification"/>
    <property name="apple.awt.application.name" value="ForkedBooter"/>
    <property name="surefire.real.class.path" value="/Users/muhammadqaiser/Documents/Automation Stuff/IntelliJ IDEA/openCartProject/Opencart/target/surefire/surefirebooter-20250204050125788_3.jar"/>
    <property name="sun.management.compiler" value="HotSpot 64-Bit Tiered Compilers"/>
    <property name="ftp.nonProxyHosts" value="local|*.local|169.254/16|*.169.254/16"/>
    <property name="java.runtime.version" value="23.0.1+11-39"/>
    <property name="user.name" value="muhammadqaiser"/>
    <property name="stdout.encoding" value="UTF-8"/>
    <property name="path.separator" value=":"/>
    <property name="xmlTest" value="SmokeTests.xml"/>
    <property name="os.version" value="13.7.2"/>
    <property name="java.runtime.name" value="Java(TM) SE Runtime Environment"/>
    <property name="file.encoding" value="UTF-8"/>
    <property name="java.vm.name" value="Java HotSpot(TM) 64-Bit Server VM"/>
    <property name="localRepository" value="/Users/muhammadqaiser/.m2/repository"/>
    <property name="java.vendor.url.bug" value="https://bugreport.java.com/bugreport/"/>
    <property name="java.io.tmpdir" value="/var/folders/nm/dwtw1bdd5czg78d79s5zlblr0000gn/T/"/>
    <property name="java.version" value="23.0.1"/>
    <property name="user.dir" value="/Users/muhammadqaiser/Documents/Automation Stuff/IntelliJ IDEA/openCartProject/Opencart"/>
    <property name="os.arch" value="x86_64"/>
    <property name="java.vm.specification.name" value="Java Virtual Machine Specification"/>
    <property name="native.encoding" value="UTF-8"/>
    <property name="java.library.path" value="/Users/muhammadqaiser/Library/Java/Extensions:/Library/Java/Extensions:/Network/Library/Java/Extensions:/System/Library/Java/Extensions:/usr/lib/java:."/>
    <property name="java.vm.info" value="mixed mode, sharing"/>
    <property name="stderr.encoding" value="UTF-8"/>
    <property name="java.vendor" value="Oracle Corporation"/>
    <property name="java.vm.version" value="23.0.1+11-39"/>
    <property name="sun.io.unicode.encoding" value="UnicodeBig"/>
    <property name="socksNonProxyHosts" value="local|*.local|169.254/16|*.169.254/16"/>
    <property name="java.class.version" value="67.0"/>
  </properties>
  <testcase name="navigateToLogin" classname="Tests.LoginTest" time="0.578">
    <system-err><![CDATA[SLF4J: Failed to load class "org.slf4j.impl.StaticLoggerBinder".
SLF4J: Defaulting to no-operation (NOP) logger implementation
SLF4J: See http://www.slf4j.org/codes.html#StaticLoggerBinder for further details.
]]></system-err>
  </testcase>
  <testcase name="ValidLoginToApp" classname="Tests.LoginTest" time="1.114"/>
  <testcase name="newUserPageNavigationByDifferentWays" classname="Tests.RegisterNewUserTest" time="1.876"/>
  <testcase name="registerNewUser" classname="Tests.RegisterNewUserTest" time="2.061">
    <system-out><![CDATA[Log INFO: Email Generated is-------test05_01_41_02_2025@eamil.com
]]></system-out>
  </testcase>
  <testcase name="registerNewUserWithNoNewletter" classname="Tests.RegisterNewUserTest" time="20.049">
    <failure message="Expected condition failed: waiting for element to be clickable: By.xpath: //input[@id=&apos;input-firstname&apos;] (tried for 20 second(s) with 500 milliseconds interval)&#10;Build info: version: &apos;4.28.0&apos;, revision: &apos;ac342546e9&apos;&#10;System info: os.name: &apos;Mac OS X&apos;, os.arch: &apos;x86_64&apos;, os.version: &apos;13.7.2&apos;, java.version: &apos;23.0.1&apos;&#10;Driver info: org.openqa.selenium.chrome.ChromeDriver&#10;Capabilities {acceptInsecureCerts: false, browserName: chrome, browserVersion: 132.0.6834.160, chrome: {chromedriverVersion: 132.0.6834.159 (2d77d3fc445..., userDataDir: /var/folders/nm/dwtw1bdd5cz...}, fedcm:accounts: true, goog:chromeOptions: {debuggerAddress: localhost:50118}, networkConnectionEnabled: false, pageLoadStrategy: normal, platformName: mac, proxy: Proxy(), se:cdp: ws://localhost:50118/devtoo..., se:cdpVersion: 132.0.6834.160, setWindowRect: true, strictFileInteractability: false, timeouts: {implicit: 0, pageLoad: 300000, script: 30000}, unhandledPromptBehavior: dismiss and notify, webauthn:extension:credBlob: true, webauthn:extension:largeBlob: true, webauthn:extension:minPinLength: true, webauthn:extension:prf: true, webauthn:virtualAuthenticators: true}&#10;Session ID: d3cbdadd3e111e113c1cb229eed64427" type="org.openqa.selenium.TimeoutException"><![CDATA[org.openqa.selenium.TimeoutException: 
Expected condition failed: waiting for element to be clickable: By.xpath: //input[@id='input-firstname'] (tried for 20 second(s) with 500 milliseconds interval)
Build info: version: '4.28.0', revision: 'ac342546e9'
System info: os.name: 'Mac OS X', os.arch: 'x86_64', os.version: '13.7.2', java.version: '23.0.1'
Driver info: org.openqa.selenium.chrome.ChromeDriver
Capabilities {acceptInsecureCerts: false, browserName: chrome, browserVersion: 132.0.6834.160, chrome: {chromedriverVersion: 132.0.6834.159 (2d77d3fc445..., userDataDir: /var/folders/nm/dwtw1bdd5cz...}, fedcm:accounts: true, goog:chromeOptions: {debuggerAddress: localhost:50118}, networkConnectionEnabled: false, pageLoadStrategy: normal, platformName: mac, proxy: Proxy(), se:cdp: ws://localhost:50118/devtoo..., se:cdpVersion: 132.0.6834.160, setWindowRect: true, strictFileInteractability: false, timeouts: {implicit: 0, pageLoad: 300000, script: 30000}, unhandledPromptBehavior: dismiss and notify, webauthn:extension:credBlob: true, webauthn:extension:largeBlob: true, webauthn:extension:minPinLength: true, webauthn:extension:prf: true, webauthn:virtualAuthenticators: true}
Session ID: d3cbdadd3e111e113c1cb229eed64427
	at org.openqa.selenium.support.ui.WebDriverWait.timeoutException(WebDriverWait.java:84)
	at org.openqa.selenium.support.ui.FluentWait.until(FluentWait.java:228)
	at com.helper.Utility.waitForElement(Utility.java:51)
	at Pages.RegisterPage.registerNewUserWithNoNewsletter(RegisterPage.java:54)
	at Tests.RegisterNewUserTest.registerNewUserWithNoNewletter(RegisterNewUserTest.java:51)
	at java.base/jdk.internal.reflect.DirectMethodHandleAccessor.invoke(DirectMethodHandleAccessor.java:103)
	at java.base/java.lang.reflect.Method.invoke(Method.java:580)
	at org.testng.internal.invokers.MethodInvocationHelper.invokeMethod(MethodInvocationHelper.java:141)
	at org.testng.internal.invokers.TestInvoker.invokeMethod(TestInvoker.java:686)
	at org.testng.internal.invokers.TestInvoker.invokeTestMethod(TestInvoker.java:230)
	at org.testng.internal.invokers.MethodRunner.runInSequence(MethodRunner.java:63)
	at org.testng.internal.invokers.TestInvoker$MethodInvocationAgent.invoke(TestInvoker.java:992)
	at org.testng.internal.invokers.TestInvoker.invokeTestMethods(TestInvoker.java:203)
	at org.testng.internal.invokers.TestMethodWorker.invokeTestMethods(TestMethodWorker.java:154)
	at org.testng.internal.invokers.TestMethodWorker.run(TestMethodWorker.java:134)
	at java.base/java.util.ArrayList.forEach(ArrayList.java:1597)
	at org.testng.TestRunner.privateRun(TestRunner.java:739)
	at org.testng.TestRunner.run(TestRunner.java:614)
	at org.testng.SuiteRunner.runTest(SuiteRunner.java:421)
	at org.testng.SuiteRunner.runSequentially(SuiteRunner.java:413)
	at org.testng.SuiteRunner.privateRun(SuiteRunner.java:373)
	at org.testng.SuiteRunner.run(SuiteRunner.java:312)
	at org.testng.SuiteRunnerWorker.runSuite(SuiteRunnerWorker.java:52)
	at org.testng.SuiteRunnerWorker.run(SuiteRunnerWorker.java:95)
	at org.testng.TestNG.runSuitesSequentially(TestNG.java:1274)
	at org.testng.TestNG.runSuitesLocally(TestNG.java:1208)
	at org.testng.TestNG.runSuites(TestNG.java:1112)
	at org.testng.TestNG.run(TestNG.java:1079)
	at org.apache.maven.surefire.testng.TestNGExecutor.run(TestNGExecutor.java:308)
	at org.apache.maven.surefire.testng.TestNGXmlTestSuite.execute(TestNGXmlTestSuite.java:71)
	at org.apache.maven.surefire.testng.TestNGProvider.invoke(TestNGProvider.java:113)
	at org.apache.maven.surefire.booter.ForkedBooter.runSuitesInProcess(ForkedBooter.java:385)
	at org.apache.maven.surefire.booter.ForkedBooter.execute(ForkedBooter.java:162)
	at org.apache.maven.surefire.booter.ForkedBooter.run(ForkedBooter.java:507)
	at org.apache.maven.surefire.booter.ForkedBooter.main(ForkedBooter.java:495)
]]></failure>
  </testcase>
  <testcase name="verifyAccountCreatedText" classname="Tests.RegisterNewUserTest" time="0.05"/>
  <testcase name="verifyCongratulationsText" classname="Tests.RegisterNewUserTest" time="0.043"/>
  <testcase name="verifyAdvantageText" classname="Tests.RegisterNewUserTest" time="0.055"/>
  <testcase name="verifyAnyQuestionText" classname="Tests.RegisterNewUserTest" time="0.049"/>
  <testcase name="verifyConfermationHasBeenSentText" classname="Tests.RegisterNewUserTest" time="0.05"/>
  <testcase name="checkContinueButtonDisplays" classname="Tests.RegisterNewUserTest" time="0.052"/>
  <testcase name="clickOnContinueButton" classname="Tests.RegisterNewUserTest" time="0.962"/>
</testsuite>