<?xml version="1.0" encoding="UTF-8"?>
<testsuite xmlns:xsi="http://www.w3.org/2001/XMLSchema-instance" xsi:noNamespaceSchemaLocation="https://maven.apache.org/surefire/maven-surefire-plugin/xsd/surefire-test-report.xsd" version="3.0.2" name="TestSuite" time="20.058" tests="13" errors="0" skipped="0" failures="2">
  <properties>
    <property name="java.specification.version" value="23"/>
    <property name="sun.jnu.encoding" value="UTF-8"/>
    <property name="java.class.path" value="/Users/muhammadqaiser/Documents/Automation Stuff/IntelliJ IDEA/openCartProject/Opencart/target/test-classes:/Users/muhammadqaiser/Documents/Automation Stuff/IntelliJ IDEA/openCartProject/Opencart/target/classes:/Users/muhammadqaiser/.m2/repository/org/seleniumhq/selenium/selenium-java/4.28.0/selenium-java-4.28.0.jar:/Users/muhammadqaiser/.m2/repository/org/seleniumhq/selenium/selenium-api/4.28.0/selenium-api-4.28.0.jar:/Users/muhammadqaiser/.m2/repository/org/jspecify/jspecify/1.0.0/jspecify-1.0.0.jar:/Users/muhammadqaiser/.m2/repository/org/seleniumhq/selenium/selenium-chrome-driver/4.28.0/selenium-chrome-driver-4.28.0.jar:/Users/muhammadqaiser/.m2/repository/org/seleniumhq/selenium/selenium-chromium-driver/4.28.0/selenium-chromium-driver-4.28.0.jar:/Users/muhammadqaiser/.m2/repository/org/seleniumhq/selenium/selenium-manager/4.28.0/selenium-manager-4.28.0.jar:/Users/muhammadqaiser/.m2/repository/org/seleniumhq/selenium/selenium-devtools-v130/4.28.0/selenium-devtools-v130-4.28.0.jar:/Users/muhammadqaiser/.m2/repository/org/seleniumhq/selenium/selenium-devtools-v131/4.28.0/selenium-devtools-v131-4.28.0.jar:/Users/muhammadqaiser/.m2/repository/org/seleniumhq/selenium/selenium-devtools-v132/4.28.0/selenium-devtools-v132-4.28.0.jar:/Users/muhammadqaiser/.m2/repository/org/seleniumhq/selenium/selenium-devtools-v85/4.28.0/selenium-devtools-v85-4.28.0.jar:/Users/muhammadqaiser/.m2/repository/org/seleniumhq/selenium/selenium-edge-driver/4.28.0/selenium-edge-driver-4.28.0.jar:/Users/muhammadqaiser/.m2/repository/org/seleniumhq/selenium/selenium-firefox-driver/4.28.0/selenium-firefox-driver-4.28.0.jar:/Users/muhammadqaiser/.m2/repository/org/seleniumhq/selenium/selenium-http/4.28.0/selenium-http-4.28.0.jar:/Users/muhammadqaiser/.m2/repository/org/seleniumhq/selenium/selenium-ie-driver/4.28.0/selenium-ie-driver-4.28.0.jar:/Users/muhammadqaiser/.m2/repository/org/seleniumhq/selenium/selenium-remote-driver/4.28.0/selenium-remote-driver-4.28.0.jar:/Users/muhammadqaiser/.m2/repository/io/opentelemetry/semconv/opentelemetry-semconv/1.28.0-alpha/opentelemetry-semconv-1.28.0-alpha.jar:/Users/muhammadqaiser/.m2/repository/io/opentelemetry/opentelemetry-api/1.46.0/opentelemetry-api-1.46.0.jar:/Users/muhammadqaiser/.m2/repository/io/opentelemetry/opentelemetry-context/1.46.0/opentelemetry-context-1.46.0.jar:/Users/muhammadqaiser/.m2/repository/io/opentelemetry/opentelemetry-exporter-logging/1.46.0/opentelemetry-exporter-logging-1.46.0.jar:/Users/muhammadqaiser/.m2/repository/io/opentelemetry/opentelemetry-sdk-common/1.46.0/opentelemetry-sdk-common-1.46.0.jar:/Users/muhammadqaiser/.m2/repository/io/opentelemetry/opentelemetry-sdk-extension-autoconfigure-spi/1.46.0/opentelemetry-sdk-extension-autoconfigure-spi-1.46.0.jar:/Users/muhammadqaiser/.m2/repository/io/opentelemetry/opentelemetry-sdk-extension-autoconfigure/1.46.0/opentelemetry-sdk-extension-autoconfigure-1.46.0.jar:/Users/muhammadqaiser/.m2/repository/io/opentelemetry/opentelemetry-api-incubator/1.46.0-alpha/opentelemetry-api-incubator-1.46.0-alpha.jar:/Users/muhammadqaiser/.m2/repository/io/opentelemetry/opentelemetry-sdk-trace/1.46.0/opentelemetry-sdk-trace-1.46.0.jar:/Users/muhammadqaiser/.m2/repository/io/opentelemetry/opentelemetry-sdk/1.46.0/opentelemetry-sdk-1.46.0.jar:/Users/muhammadqaiser/.m2/repository/io/opentelemetry/opentelemetry-sdk-metrics/1.46.0/opentelemetry-sdk-metrics-1.46.0.jar:/Users/muhammadqaiser/.m2/repository/io/opentelemetry/opentelemetry-sdk-logs/1.46.0/opentelemetry-sdk-logs-1.46.0.jar:/Users/muhammadqaiser/.m2/repository/org/seleniumhq/selenium/selenium-os/4.28.0/selenium-os-4.28.0.jar:/Users/muhammadqaiser/.m2/repository/org/apache/commons/commons-exec/1.4.0/commons-exec-1.4.0.jar:/Users/muhammadqaiser/.m2/repository/org/seleniumhq/selenium/selenium-safari-driver/4.28.0/selenium-safari-driver-4.28.0.jar:/Users/muhammadqaiser/.m2/repository/org/seleniumhq/selenium/selenium-support/4.28.0/selenium-support-4.28.0.jar:/Users/muhammadqaiser/.m2/repository/com/google/auto/service/auto-service-annotations/1.1.1/auto-service-annotations-1.1.1.jar:/Users/muhammadqaiser/.m2/repository/com/google/guava/guava/33.4.0-jre/guava-33.4.0-jre.jar:/Users/muhammadqaiser/.m2/repository/com/google/guava/failureaccess/1.0.2/failureaccess-1.0.2.jar:/Users/muhammadqaiser/.m2/repository/com/google/guava/listenablefuture/9999.0-empty-to-avoid-conflict-with-guava/listenablefuture-9999.0-empty-to-avoid-conflict-with-guava.jar:/Users/muhammadqaiser/.m2/repository/com/google/code/findbugs/jsr305/3.0.2/jsr305-3.0.2.jar:/Users/muhammadqaiser/.m2/repository/org/checkerframework/checker-qual/3.43.0/checker-qual-3.43.0.jar:/Users/muhammadqaiser/.m2/repository/com/google/errorprone/error_prone_annotations/2.36.0/error_prone_annotations-2.36.0.jar:/Users/muhammadqaiser/.m2/repository/com/google/j2objc/j2objc-annotations/3.0.0/j2objc-annotations-3.0.0.jar:/Users/muhammadqaiser/.m2/repository/net/bytebuddy/byte-buddy/1.15.11/byte-buddy-1.15.11.jar:/Users/muhammadqaiser/.m2/repository/org/seleniumhq/selenium/selenium-json/4.28.0/selenium-json-4.28.0.jar:/Users/muhammadqaiser/.m2/repository/org/testng/testng/7.10.2/testng-7.10.2.jar:/Users/muhammadqaiser/.m2/repository/org/slf4j/slf4j-api/1.7.36/slf4j-api-1.7.36.jar:/Users/muhammadqaiser/.m2/repository/com/beust/jcommander/1.82/jcommander-1.82.jar:/Users/muhammadqaiser/.m2/repository/org/webjars/jquery/3.7.1/jquery-3.7.1.jar:/Users/muhammadqaiser/.m2/repository/org/apache/maven/plugins/maven-surefire-plugin/3.5.2/maven-surefire-plugin-3.5.2.jar:/Users/muhammadqaiser/.m2/repository/org/apache/maven/surefire/surefire-api/3.5.2/surefire-api-3.5.2.jar:/Users/muhammadqaiser/.m2/repository/org/apache/maven/surefire/surefire-logger-api/3.5.2/surefire-logger-api-3.5.2.jar:/Users/muhammadqaiser/.m2/repository/org/apache/maven/surefire/surefire-shared-utils/3.5.2/surefire-shared-utils-3.5.2.jar:/Users/muhammadqaiser/.m2/repository/org/apache/maven/surefire/surefire-extensions-api/3.5.2/surefire-extensions-api-3.5.2.jar:/Users/muhammadqaiser/.m2/repository/org/apache/maven/surefire/maven-surefire-common/3.5.2/maven-surefire-common-3.5.2.jar:/Users/muhammadqaiser/.m2/repository/org/apache/maven/surefire/surefire-booter/3.5.2/surefire-booter-3.5.2.jar:/Users/muhammadqaiser/.m2/repository/org/apache/maven/surefire/surefire-extensions-spi/3.5.2/surefire-extensions-spi-3.5.2.jar:/Users/muhammadqaiser/.m2/repository/org/apache/maven/resolver/maven-resolver-util/1.4.1/maven-resolver-util-1.4.1.jar:/Users/muhammadqaiser/.m2/repository/org/apache/maven/resolver/maven-resolver-api/1.4.1/maven-resolver-api-1.4.1.jar:/Users/muhammadqaiser/.m2/repository/org/apache/maven/shared/maven-common-artifact-filters/3.4.0/maven-common-artifact-filters-3.4.0.jar:/Users/muhammadqaiser/.m2/repository/org/codehaus/plexus/plexus-java/1.3.0/plexus-java-1.3.0.jar:/Users/muhammadqaiser/.m2/repository/org/ow2/asm/asm/9.7/asm-9.7.jar:/Users/muhammadqaiser/.m2/repository/com/thoughtworks/qdox/qdox/2.1.0/qdox-2.1.0.jar:/Users/muhammadqaiser/.m2/repository/org/apache/poi/poi/5.4.0/poi-5.4.0.jar:/Users/muhammadqaiser/.m2/repository/commons-codec/commons-codec/1.17.1/commons-codec-1.17.1.jar:/Users/muhammadqaiser/.m2/repository/org/apache/commons/commons-collections4/4.4/commons-collections4-4.4.jar:/Users/muhammadqaiser/.m2/repository/org/apache/commons/commons-math3/3.6.1/commons-math3-3.6.1.jar:/Users/muhammadqaiser/.m2/repository/commons-io/commons-io/2.18.0/commons-io-2.18.0.jar:/Users/muhammadqaiser/.m2/repository/com/zaxxer/SparseBitSet/1.3/SparseBitSet-1.3.jar:/Users/muhammadqaiser/.m2/repository/org/apache/logging/log4j/log4j-api/2.24.3/log4j-api-2.24.3.jar:"/>
    <property name="java.vm.vendor" value="Oracle Corporation"/>
    <property name="sun.arch.data.model" value="64"/>
    <property name="java.vendor.url" value="https://java.oracle.com/"/>
    <property name="user.timezone" value="Europe/London"/>
    <property name="os.name" value="Mac OS X"/>
    <property name="java.vm.specification.version" value="23"/>
    <property name="sun.java.launcher" value="SUN_STANDARD"/>
    <property name="user.country" value="GB"/>
    <property name="sun.boot.library.path" value="/Library/Java/JavaVirtualMachines/jdk-23.jdk/Contents/Home/lib"/>
    <property name="sun.java.command" value="/Users/muhammadqaiser/Documents/Automation Stuff/IntelliJ IDEA/openCartProject/Opencart/target/surefire/surefirebooter-20250123232623975_3.jar /Users/muhammadqaiser/Documents/Automation Stuff/IntelliJ IDEA/openCartProject/Opencart/target/surefire 2025-01-23T23-26-23_895-jvmRun1 surefire-20250123232623975_1tmp surefire_0-20250123232623975_2tmp"/>
    <property name="http.nonProxyHosts" value="local|*.local|169.254/16|*.169.254/16"/>
    <property name="jdk.debug" value="release"/>
    <property name="surefire.test.class.path" value="/Users/muhammadqaiser/Documents/Automation Stuff/IntelliJ IDEA/openCartProject/Opencart/target/test-classes:/Users/muhammadqaiser/Documents/Automation Stuff/IntelliJ IDEA/openCartProject/Opencart/target/classes:/Users/muhammadqaiser/.m2/repository/org/seleniumhq/selenium/selenium-java/4.28.0/selenium-java-4.28.0.jar:/Users/muhammadqaiser/.m2/repository/org/seleniumhq/selenium/selenium-api/4.28.0/selenium-api-4.28.0.jar:/Users/muhammadqaiser/.m2/repository/org/jspecify/jspecify/1.0.0/jspecify-1.0.0.jar:/Users/muhammadqaiser/.m2/repository/org/seleniumhq/selenium/selenium-chrome-driver/4.28.0/selenium-chrome-driver-4.28.0.jar:/Users/muhammadqaiser/.m2/repository/org/seleniumhq/selenium/selenium-chromium-driver/4.28.0/selenium-chromium-driver-4.28.0.jar:/Users/muhammadqaiser/.m2/repository/org/seleniumhq/selenium/selenium-manager/4.28.0/selenium-manager-4.28.0.jar:/Users/muhammadqaiser/.m2/repository/org/seleniumhq/selenium/selenium-devtools-v130/4.28.0/selenium-devtools-v130-4.28.0.jar:/Users/muhammadqaiser/.m2/repository/org/seleniumhq/selenium/selenium-devtools-v131/4.28.0/selenium-devtools-v131-4.28.0.jar:/Users/muhammadqaiser/.m2/repository/org/seleniumhq/selenium/selenium-devtools-v132/4.28.0/selenium-devtools-v132-4.28.0.jar:/Users/muhammadqaiser/.m2/repository/org/seleniumhq/selenium/selenium-devtools-v85/4.28.0/selenium-devtools-v85-4.28.0.jar:/Users/muhammadqaiser/.m2/repository/org/seleniumhq/selenium/selenium-edge-driver/4.28.0/selenium-edge-driver-4.28.0.jar:/Users/muhammadqaiser/.m2/repository/org/seleniumhq/selenium/selenium-firefox-driver/4.28.0/selenium-firefox-driver-4.28.0.jar:/Users/muhammadqaiser/.m2/repository/org/seleniumhq/selenium/selenium-http/4.28.0/selenium-http-4.28.0.jar:/Users/muhammadqaiser/.m2/repository/org/seleniumhq/selenium/selenium-ie-driver/4.28.0/selenium-ie-driver-4.28.0.jar:/Users/muhammadqaiser/.m2/repository/org/seleniumhq/selenium/selenium-remote-driver/4.28.0/selenium-remote-driver-4.28.0.jar:/Users/muhammadqaiser/.m2/repository/io/opentelemetry/semconv/opentelemetry-semconv/1.28.0-alpha/opentelemetry-semconv-1.28.0-alpha.jar:/Users/muhammadqaiser/.m2/repository/io/opentelemetry/opentelemetry-api/1.46.0/opentelemetry-api-1.46.0.jar:/Users/muhammadqaiser/.m2/repository/io/opentelemetry/opentelemetry-context/1.46.0/opentelemetry-context-1.46.0.jar:/Users/muhammadqaiser/.m2/repository/io/opentelemetry/opentelemetry-exporter-logging/1.46.0/opentelemetry-exporter-logging-1.46.0.jar:/Users/muhammadqaiser/.m2/repository/io/opentelemetry/opentelemetry-sdk-common/1.46.0/opentelemetry-sdk-common-1.46.0.jar:/Users/muhammadqaiser/.m2/repository/io/opentelemetry/opentelemetry-sdk-extension-autoconfigure-spi/1.46.0/opentelemetry-sdk-extension-autoconfigure-spi-1.46.0.jar:/Users/muhammadqaiser/.m2/repository/io/opentelemetry/opentelemetry-sdk-extension-autoconfigure/1.46.0/opentelemetry-sdk-extension-autoconfigure-1.46.0.jar:/Users/muhammadqaiser/.m2/repository/io/opentelemetry/opentelemetry-api-incubator/1.46.0-alpha/opentelemetry-api-incubator-1.46.0-alpha.jar:/Users/muhammadqaiser/.m2/repository/io/opentelemetry/opentelemetry-sdk-trace/1.46.0/opentelemetry-sdk-trace-1.46.0.jar:/Users/muhammadqaiser/.m2/repository/io/opentelemetry/opentelemetry-sdk/1.46.0/opentelemetry-sdk-1.46.0.jar:/Users/muhammadqaiser/.m2/repository/io/opentelemetry/opentelemetry-sdk-metrics/1.46.0/opentelemetry-sdk-metrics-1.46.0.jar:/Users/muhammadqaiser/.m2/repository/io/opentelemetry/opentelemetry-sdk-logs/1.46.0/opentelemetry-sdk-logs-1.46.0.jar:/Users/muhammadqaiser/.m2/repository/org/seleniumhq/selenium/selenium-os/4.28.0/selenium-os-4.28.0.jar:/Users/muhammadqaiser/.m2/repository/org/apache/commons/commons-exec/1.4.0/commons-exec-1.4.0.jar:/Users/muhammadqaiser/.m2/repository/org/seleniumhq/selenium/selenium-safari-driver/4.28.0/selenium-safari-driver-4.28.0.jar:/Users/muhammadqaiser/.m2/repository/org/seleniumhq/selenium/selenium-support/4.28.0/selenium-support-4.28.0.jar:/Users/muhammadqaiser/.m2/repository/com/google/auto/service/auto-service-annotations/1.1.1/auto-service-annotations-1.1.1.jar:/Users/muhammadqaiser/.m2/repository/com/google/guava/guava/33.4.0-jre/guava-33.4.0-jre.jar:/Users/muhammadqaiser/.m2/repository/com/google/guava/failureaccess/1.0.2/failureaccess-1.0.2.jar:/Users/muhammadqaiser/.m2/repository/com/google/guava/listenablefuture/9999.0-empty-to-avoid-conflict-with-guava/listenablefuture-9999.0-empty-to-avoid-conflict-with-guava.jar:/Users/muhammadqaiser/.m2/repository/com/google/code/findbugs/jsr305/3.0.2/jsr305-3.0.2.jar:/Users/muhammadqaiser/.m2/repository/org/checkerframework/checker-qual/3.43.0/checker-qual-3.43.0.jar:/Users/muhammadqaiser/.m2/repository/com/google/errorprone/error_prone_annotations/2.36.0/error_prone_annotations-2.36.0.jar:/Users/muhammadqaiser/.m2/repository/com/google/j2objc/j2objc-annotations/3.0.0/j2objc-annotations-3.0.0.jar:/Users/muhammadqaiser/.m2/repository/net/bytebuddy/byte-buddy/1.15.11/byte-buddy-1.15.11.jar:/Users/muhammadqaiser/.m2/repository/org/seleniumhq/selenium/selenium-json/4.28.0/selenium-json-4.28.0.jar:/Users/muhammadqaiser/.m2/repository/org/testng/testng/7.10.2/testng-7.10.2.jar:/Users/muhammadqaiser/.m2/repository/org/slf4j/slf4j-api/1.7.36/slf4j-api-1.7.36.jar:/Users/muhammadqaiser/.m2/repository/com/beust/jcommander/1.82/jcommander-1.82.jar:/Users/muhammadqaiser/.m2/repository/org/webjars/jquery/3.7.1/jquery-3.7.1.jar:/Users/muhammadqaiser/.m2/repository/org/apache/maven/plugins/maven-surefire-plugin/3.5.2/maven-surefire-plugin-3.5.2.jar:/Users/muhammadqaiser/.m2/repository/org/apache/maven/surefire/surefire-api/3.5.2/surefire-api-3.5.2.jar:/Users/muhammadqaiser/.m2/repository/org/apache/maven/surefire/surefire-logger-api/3.5.2/surefire-logger-api-3.5.2.jar:/Users/muhammadqaiser/.m2/repository/org/apache/maven/surefire/surefire-shared-utils/3.5.2/surefire-shared-utils-3.5.2.jar:/Users/muhammadqaiser/.m2/repository/org/apache/maven/surefire/surefire-extensions-api/3.5.2/surefire-extensions-api-3.5.2.jar:/Users/muhammadqaiser/.m2/repository/org/apache/maven/surefire/maven-surefire-common/3.5.2/maven-surefire-common-3.5.2.jar:/Users/muhammadqaiser/.m2/repository/org/apache/maven/surefire/surefire-booter/3.5.2/surefire-booter-3.5.2.jar:/Users/muhammadqaiser/.m2/repository/org/apache/maven/surefire/surefire-extensions-spi/3.5.2/surefire-extensions-spi-3.5.2.jar:/Users/muhammadqaiser/.m2/repository/org/apache/maven/resolver/maven-resolver-util/1.4.1/maven-resolver-util-1.4.1.jar:/Users/muhammadqaiser/.m2/repository/org/apache/maven/resolver/maven-resolver-api/1.4.1/maven-resolver-api-1.4.1.jar:/Users/muhammadqaiser/.m2/repository/org/apache/maven/shared/maven-common-artifact-filters/3.4.0/maven-common-artifact-filters-3.4.0.jar:/Users/muhammadqaiser/.m2/repository/org/codehaus/plexus/plexus-java/1.3.0/plexus-java-1.3.0.jar:/Users/muhammadqaiser/.m2/repository/org/ow2/asm/asm/9.7/asm-9.7.jar:/Users/muhammadqaiser/.m2/repository/com/thoughtworks/qdox/qdox/2.1.0/qdox-2.1.0.jar:/Users/muhammadqaiser/.m2/repository/org/apache/poi/poi/5.4.0/poi-5.4.0.jar:/Users/muhammadqaiser/.m2/repository/commons-codec/commons-codec/1.17.1/commons-codec-1.17.1.jar:/Users/muhammadqaiser/.m2/repository/org/apache/commons/commons-collections4/4.4/commons-collections4-4.4.jar:/Users/muhammadqaiser/.m2/repository/org/apache/commons/commons-math3/3.6.1/commons-math3-3.6.1.jar:/Users/muhammadqaiser/.m2/repository/commons-io/commons-io/2.18.0/commons-io-2.18.0.jar:/Users/muhammadqaiser/.m2/repository/com/zaxxer/SparseBitSet/1.3/SparseBitSet-1.3.jar:/Users/muhammadqaiser/.m2/repository/org/apache/logging/log4j/log4j-api/2.24.3/log4j-api-2.24.3.jar:"/>
    <property name="sun.cpu.endian" value="little"/>
    <property name="user.home" value="/Users/muhammadqaiser"/>
    <property name="user.language" value="en"/>
    <property name="java.specification.vendor" value="Oracle Corporation"/>
    <property name="java.version.date" value="2024-10-15"/>
    <property name="java.home" value="/Library/Java/JavaVirtualMachines/jdk-23.jdk/Contents/Home"/>
    <property name="file.separator" value="/"/>
    <property name="basedir" value="/Users/muhammadqaiser/Documents/Automation Stuff/IntelliJ IDEA/openCartProject/Opencart"/>
    <property name="java.vm.compressedOopsMode" value="Zero based"/>
    <property name="line.separator" value="&#10;"/>
    <property name="java.vm.specification.vendor" value="Oracle Corporation"/>
    <property name="java.specification.name" value="Java Platform API Specification"/>
    <property name="apple.awt.application.name" value="ForkedBooter"/>
    <property name="surefire.real.class.path" value="/Users/muhammadqaiser/Documents/Automation Stuff/IntelliJ IDEA/openCartProject/Opencart/target/surefire/surefirebooter-20250123232623975_3.jar"/>
    <property name="sun.management.compiler" value="HotSpot 64-Bit Tiered Compilers"/>
    <property name="ftp.nonProxyHosts" value="local|*.local|169.254/16|*.169.254/16"/>
    <property name="java.runtime.version" value="23.0.1+11-39"/>
    <property name="user.name" value="muhammadqaiser"/>
    <property name="stdout.encoding" value="UTF-8"/>
    <property name="path.separator" value=":"/>
    <property name="xmlTest" value="SmokeTests.xml"/>
    <property name="os.version" value="13.7.2"/>
    <property name="java.runtime.name" value="Java(TM) SE Runtime Environment"/>
    <property name="file.encoding" value="UTF-8"/>
    <property name="java.vm.name" value="Java HotSpot(TM) 64-Bit Server VM"/>
    <property name="localRepository" value="/Users/muhammadqaiser/.m2/repository"/>
    <property name="java.vendor.url.bug" value="https://bugreport.java.com/bugreport/"/>
    <property name="java.io.tmpdir" value="/var/folders/nm/dwtw1bdd5czg78d79s5zlblr0000gn/T/"/>
    <property name="java.version" value="23.0.1"/>
    <property name="user.dir" value="/Users/muhammadqaiser/Documents/Automation Stuff/IntelliJ IDEA/openCartProject/Opencart"/>
    <property name="os.arch" value="x86_64"/>
    <property name="java.vm.specification.name" value="Java Virtual Machine Specification"/>
    <property name="native.encoding" value="UTF-8"/>
    <property name="java.library.path" value="/Users/muhammadqaiser/Library/Java/Extensions:/Library/Java/Extensions:/Network/Library/Java/Extensions:/System/Library/Java/Extensions:/usr/lib/java:."/>
    <property name="java.vm.info" value="mixed mode, sharing"/>
    <property name="stderr.encoding" value="UTF-8"/>
    <property name="java.vendor" value="Oracle Corporation"/>
    <property name="java.vm.version" value="23.0.1+11-39"/>
    <property name="sun.io.unicode.encoding" value="UnicodeBig"/>
    <property name="socksNonProxyHosts" value="local|*.local|169.254/16|*.169.254/16"/>
    <property name="java.class.version" value="67.0"/>
  </properties>
  <testcase name="navigateToLogin" classname="Tests.LoginTest" time="0.651">
    <system-err><![CDATA[SLF4J: Failed to load class "org.slf4j.impl.StaticLoggerBinder".
SLF4J: Defaulting to no-operation (NOP) logger implementation
SLF4J: See http://www.slf4j.org/codes.html#StaticLoggerBinder for further details.
Jan 23, 2025 11:26:28 PM org.openqa.selenium.firefox.FirefoxDriver <init>
WARNING: CDP support for Firefox is deprecated and will be removed in future versions. Please switch to WebDriver BiDi.
]]></system-err>
  </testcase>
  <testcase name="ValidLoginToApp" classname="Tests.LoginTest" time="1.03"/>
  <testcase name="driverTearDown" classname="Tests.LoginTest" time="1.977">
    <failure message="Tried to run command without establishing a connection&#10;Build info: version: &apos;4.28.0&apos;, revision: &apos;ac342546e9&apos;&#10;System info: os.name: &apos;Mac OS X&apos;, os.arch: &apos;x86_64&apos;, os.version: &apos;13.7.2&apos;, java.version: &apos;23.0.1&apos;&#10;Driver info: org.openqa.selenium.firefox.FirefoxDriver&#10;Command: [41b069a6-e0c9-4c99-a763-339c73f5cb24, quit {}]&#10;Capabilities {acceptInsecureCerts: true, browserName: firefox, browserVersion: 134.0.2, moz:accessibilityChecks: false, moz:buildID: 20250120135430, moz:debuggerAddress: 127.0.0.1:32977, moz:geckodriverVersion: 0.35.0, moz:headless: false, moz:platformVersion: 22.6.0, moz:processID: 7123, moz:profile: /var/folders/nm/dwtw1bdd5cz..., moz:shutdownTimeout: 60000, moz:webdriverClick: true, moz:windowless: false, pageLoadStrategy: normal, platformName: mac, proxy: Proxy(), se:cdp: ws://127.0.0.1:32977/devtoo..., se:cdpVersion: 85.0, setWindowRect: true, strictFileInteractability: false, timeouts: {implicit: 0, pageLoad: 300000, script: 30000}, unhandledPromptBehavior: dismiss and notify, userAgent: Mozilla/5.0 (Macintosh; Int...}&#10;Session ID: 41b069a6-e0c9-4c99-a763-339c73f5cb24" type="org.openqa.selenium.NoSuchSessionException"><![CDATA[org.openqa.selenium.NoSuchSessionException: 
Tried to run command without establishing a connection
Build info: version: '4.28.0', revision: 'ac342546e9'
System info: os.name: 'Mac OS X', os.arch: 'x86_64', os.version: '13.7.2', java.version: '23.0.1'
Driver info: org.openqa.selenium.firefox.FirefoxDriver
Command: [41b069a6-e0c9-4c99-a763-339c73f5cb24, quit {}]
Capabilities {acceptInsecureCerts: true, browserName: firefox, browserVersion: 134.0.2, moz:accessibilityChecks: false, moz:buildID: 20250120135430, moz:debuggerAddress: 127.0.0.1:32977, moz:geckodriverVersion: 0.35.0, moz:headless: false, moz:platformVersion: 22.6.0, moz:processID: 7123, moz:profile: /var/folders/nm/dwtw1bdd5cz..., moz:shutdownTimeout: 60000, moz:webdriverClick: true, moz:windowless: false, pageLoadStrategy: normal, platformName: mac, proxy: Proxy(), se:cdp: ws://127.0.0.1:32977/devtoo..., se:cdpVersion: 85.0, setWindowRect: true, strictFileInteractability: false, timeouts: {implicit: 0, pageLoad: 300000, script: 30000}, unhandledPromptBehavior: dismiss and notify, userAgent: Mozilla/5.0 (Macintosh; Int...}
Session ID: 41b069a6-e0c9-4c99-a763-339c73f5cb24
	at java.base/jdk.internal.reflect.DirectConstructorHandleAccessor.newInstance(DirectConstructorHandleAccessor.java:62)
	at java.base/java.lang.reflect.Constructor.newInstanceWithCaller(Constructor.java:501)
	at java.base/java.lang.reflect.Constructor.newInstance(Constructor.java:485)
	at org.openqa.selenium.remote.ErrorCodec.decode(ErrorCodec.java:167)
	at org.openqa.selenium.remote.codec.w3c.W3CHttpResponseCodec.decode(W3CHttpResponseCodec.java:138)
	at org.openqa.selenium.remote.codec.w3c.W3CHttpResponseCodec.decode(W3CHttpResponseCodec.java:50)
	at org.openqa.selenium.remote.HttpCommandExecutor.execute(HttpCommandExecutor.java:215)
	at org.openqa.selenium.remote.service.DriverCommandExecutor.invokeExecute(DriverCommandExecutor.java:216)
	at org.openqa.selenium.remote.service.DriverCommandExecutor.lambda$execute$1(DriverCommandExecutor.java:126)
	at java.base/java.util.concurrent.CompletableFuture$AsyncSupply.run(CompletableFuture.java:1812)
	at java.base/java.util.concurrent.ThreadPoolExecutor.runWorker(ThreadPoolExecutor.java:1144)
	at java.base/java.util.concurrent.ThreadPoolExecutor$Worker.run(ThreadPoolExecutor.java:642)
	at java.base/java.lang.Thread.run(Thread.java:1575)
]]></failure>
  </testcase>
  <testcase name="navigateToNewUserPage" classname="Tests.RegisterNewUserTest" time="1.296">
    <system-err><![CDATA[Jan 23, 2025 11:26:36 PM org.openqa.selenium.firefox.FirefoxDriver <init>
WARNING: CDP support for Firefox is deprecated and will be removed in future versions. Please switch to WebDriver BiDi.
]]></system-err>
  </testcase>
  <testcase name="registerNewUser" classname="Tests.RegisterNewUserTest" time="1.678">
    <system-out><![CDATA[Log INFO: Email Generated is-------test23_26_41_01_2025@eamil.com
]]></system-out>
  </testcase>
  <testcase name="verifyAccountCreatedText" classname="Tests.RegisterNewUserTest" time="0.029"/>
  <testcase name="verifyCongratulationsText" classname="Tests.RegisterNewUserTest" time="0.027"/>
  <testcase name="verifyAdvantageText" classname="Tests.RegisterNewUserTest" time="0.025"/>
  <testcase name="verifyAnyQuestionText" classname="Tests.RegisterNewUserTest" time="0.026"/>
  <testcase name="verifyConfermationHasBeenSentText" classname="Tests.RegisterNewUserTest" time="0.026"/>
  <testcase name="checkContinueButtonDisplays" classname="Tests.RegisterNewUserTest" time="0.027"/>
  <testcase name="clickOnContinueButton" classname="Tests.RegisterNewUserTest" time="0.406"/>
  <testcase name="driverTearDown" classname="Tests.RegisterNewUserTest" time="1.316">
    <failure message="Tried to run command without establishing a connection&#10;Build info: version: &apos;4.28.0&apos;, revision: &apos;ac342546e9&apos;&#10;System info: os.name: &apos;Mac OS X&apos;, os.arch: &apos;x86_64&apos;, os.version: &apos;13.7.2&apos;, java.version: &apos;23.0.1&apos;&#10;Driver info: org.openqa.selenium.firefox.FirefoxDriver&#10;Command: [d8ababf7-d968-4fe7-9f7d-91e9adb03ca1, quit {}]&#10;Capabilities {acceptInsecureCerts: true, browserName: firefox, browserVersion: 134.0.2, moz:accessibilityChecks: false, moz:buildID: 20250120135430, moz:debuggerAddress: 127.0.0.1:13383, moz:geckodriverVersion: 0.35.0, moz:headless: false, moz:platformVersion: 22.6.0, moz:processID: 7162, moz:profile: /var/folders/nm/dwtw1bdd5cz..., moz:shutdownTimeout: 60000, moz:webdriverClick: true, moz:windowless: false, pageLoadStrategy: normal, platformName: mac, proxy: Proxy(), se:cdp: ws://127.0.0.1:13383/devtoo..., se:cdpVersion: 85.0, setWindowRect: true, strictFileInteractability: false, timeouts: {implicit: 0, pageLoad: 300000, script: 30000}, unhandledPromptBehavior: dismiss and notify, userAgent: Mozilla/5.0 (Macintosh; Int...}&#10;Session ID: d8ababf7-d968-4fe7-9f7d-91e9adb03ca1" type="org.openqa.selenium.NoSuchSessionException"><![CDATA[org.openqa.selenium.NoSuchSessionException: 
Tried to run command without establishing a connection
Build info: version: '4.28.0', revision: 'ac342546e9'
System info: os.name: 'Mac OS X', os.arch: 'x86_64', os.version: '13.7.2', java.version: '23.0.1'
Driver info: org.openqa.selenium.firefox.FirefoxDriver
Command: [d8ababf7-d968-4fe7-9f7d-91e9adb03ca1, quit {}]
Capabilities {acceptInsecureCerts: true, browserName: firefox, browserVersion: 134.0.2, moz:accessibilityChecks: false, moz:buildID: 20250120135430, moz:debuggerAddress: 127.0.0.1:13383, moz:geckodriverVersion: 0.35.0, moz:headless: false, moz:platformVersion: 22.6.0, moz:processID: 7162, moz:profile: /var/folders/nm/dwtw1bdd5cz..., moz:shutdownTimeout: 60000, moz:webdriverClick: true, moz:windowless: false, pageLoadStrategy: normal, platformName: mac, proxy: Proxy(), se:cdp: ws://127.0.0.1:13383/devtoo..., se:cdpVersion: 85.0, setWindowRect: true, strictFileInteractability: false, timeouts: {implicit: 0, pageLoad: 300000, script: 30000}, unhandledPromptBehavior: dismiss and notify, userAgent: Mozilla/5.0 (Macintosh; Int...}
Session ID: d8ababf7-d968-4fe7-9f7d-91e9adb03ca1
	at java.base/jdk.internal.reflect.DirectConstructorHandleAccessor.newInstance(DirectConstructorHandleAccessor.java:62)
	at java.base/java.lang.reflect.Constructor.newInstanceWithCaller(Constructor.java:501)
	at java.base/java.lang.reflect.Constructor.newInstance(Constructor.java:485)
	at org.openqa.selenium.remote.ErrorCodec.decode(ErrorCodec.java:167)
	at org.openqa.selenium.remote.codec.w3c.W3CHttpResponseCodec.decode(W3CHttpResponseCodec.java:138)
	at org.openqa.selenium.remote.codec.w3c.W3CHttpResponseCodec.decode(W3CHttpResponseCodec.java:50)
	at org.openqa.selenium.remote.HttpCommandExecutor.execute(HttpCommandExecutor.java:215)
	at org.openqa.selenium.remote.service.DriverCommandExecutor.invokeExecute(DriverCommandExecutor.java:216)
	at org.openqa.selenium.remote.service.DriverCommandExecutor.lambda$execute$1(DriverCommandExecutor.java:126)
	at java.base/java.util.concurrent.CompletableFuture$AsyncSupply.run(CompletableFuture.java:1812)
	at java.base/java.util.concurrent.ThreadPoolExecutor.runWorker(ThreadPoolExecutor.java:1144)
	at java.base/java.util.concurrent.ThreadPoolExecutor$Worker.run(ThreadPoolExecutor.java:642)
	at java.base/java.lang.Thread.run(Thread.java:1575)
]]></failure>
  </testcase>
</testsuite>