<?xml version="1.0" encoding="UTF-8"?>
<testsuite xmlns:xsi="http://www.w3.org/2001/XMLSchema-instance" xsi:noNamespaceSchemaLocation="https://maven.apache.org/surefire/maven-surefire-plugin/xsd/surefire-test-report.xsd" version="3.0.2" name="TestSuite" time="20.27" tests="18" errors="0" skipped="0" failures="0">
  <properties>
    <property name="java.specification.version" value="23"/>
    <property name="sun.jnu.encoding" value="UTF-8"/>
    <property name="java.class.path" value="/Users/muhammadqaiser/Documents/Automation Stuff/IntelliJ IDEA/openCartProject/Opencart/target/test-classes:/Users/muhammadqaiser/Documents/Automation Stuff/IntelliJ IDEA/openCartProject/Opencart/target/classes:/Users/muhammadqaiser/.m2/repository/org/seleniumhq/selenium/selenium-java/4.27.0/selenium-java-4.27.0.jar:/Users/muhammadqaiser/.m2/repository/org/seleniumhq/selenium/selenium-api/4.27.0/selenium-api-4.27.0.jar:/Users/muhammadqaiser/.m2/repository/org/jspecify/jspecify/1.0.0/jspecify-1.0.0.jar:/Users/muhammadqaiser/.m2/repository/org/seleniumhq/selenium/selenium-chrome-driver/4.27.0/selenium-chrome-driver-4.27.0.jar:/Users/muhammadqaiser/.m2/repository/org/seleniumhq/selenium/selenium-chromium-driver/4.27.0/selenium-chromium-driver-4.27.0.jar:/Users/muhammadqaiser/.m2/repository/org/seleniumhq/selenium/selenium-manager/4.27.0/selenium-manager-4.27.0.jar:/Users/muhammadqaiser/.m2/repository/org/seleniumhq/selenium/selenium-devtools-v129/4.27.0/selenium-devtools-v129-4.27.0.jar:/Users/muhammadqaiser/.m2/repository/org/seleniumhq/selenium/selenium-devtools-v130/4.27.0/selenium-devtools-v130-4.27.0.jar:/Users/muhammadqaiser/.m2/repository/org/seleniumhq/selenium/selenium-devtools-v131/4.27.0/selenium-devtools-v131-4.27.0.jar:/Users/muhammadqaiser/.m2/repository/org/seleniumhq/selenium/selenium-devtools-v85/4.27.0/selenium-devtools-v85-4.27.0.jar:/Users/muhammadqaiser/.m2/repository/org/seleniumhq/selenium/selenium-edge-driver/4.27.0/selenium-edge-driver-4.27.0.jar:/Users/muhammadqaiser/.m2/repository/org/seleniumhq/selenium/selenium-firefox-driver/4.27.0/selenium-firefox-driver-4.27.0.jar:/Users/muhammadqaiser/.m2/repository/org/seleniumhq/selenium/selenium-http/4.27.0/selenium-http-4.27.0.jar:/Users/muhammadqaiser/.m2/repository/dev/failsafe/failsafe/3.3.2/failsafe-3.3.2.jar:/Users/muhammadqaiser/.m2/repository/org/seleniumhq/selenium/selenium-ie-driver/4.27.0/selenium-ie-driver-4.27.0.jar:/Users/muhammadqaiser/.m2/repository/org/seleniumhq/selenium/selenium-remote-driver/4.27.0/selenium-remote-driver-4.27.0.jar:/Users/muhammadqaiser/.m2/repository/io/opentelemetry/semconv/opentelemetry-semconv/1.25.0-alpha/opentelemetry-semconv-1.25.0-alpha.jar:/Users/muhammadqaiser/.m2/repository/io/opentelemetry/opentelemetry-api/1.44.1/opentelemetry-api-1.44.1.jar:/Users/muhammadqaiser/.m2/repository/io/opentelemetry/opentelemetry-context/1.44.1/opentelemetry-context-1.44.1.jar:/Users/muhammadqaiser/.m2/repository/io/opentelemetry/opentelemetry-exporter-logging/1.44.1/opentelemetry-exporter-logging-1.44.1.jar:/Users/muhammadqaiser/.m2/repository/io/opentelemetry/opentelemetry-sdk-common/1.44.1/opentelemetry-sdk-common-1.44.1.jar:/Users/muhammadqaiser/.m2/repository/io/opentelemetry/opentelemetry-sdk-extension-autoconfigure-spi/1.44.1/opentelemetry-sdk-extension-autoconfigure-spi-1.44.1.jar:/Users/muhammadqaiser/.m2/repository/io/opentelemetry/opentelemetry-sdk-extension-autoconfigure/1.44.1/opentelemetry-sdk-extension-autoconfigure-1.44.1.jar:/Users/muhammadqaiser/.m2/repository/io/opentelemetry/opentelemetry-api-incubator/1.44.1-alpha/opentelemetry-api-incubator-1.44.1-alpha.jar:/Users/muhammadqaiser/.m2/repository/io/opentelemetry/opentelemetry-sdk-trace/1.44.1/opentelemetry-sdk-trace-1.44.1.jar:/Users/muhammadqaiser/.m2/repository/io/opentelemetry/opentelemetry-sdk/1.44.1/opentelemetry-sdk-1.44.1.jar:/Users/muhammadqaiser/.m2/repository/io/opentelemetry/opentelemetry-sdk-metrics/1.44.1/opentelemetry-sdk-metrics-1.44.1.jar:/Users/muhammadqaiser/.m2/repository/io/opentelemetry/opentelemetry-sdk-logs/1.44.1/opentelemetry-sdk-logs-1.44.1.jar:/Users/muhammadqaiser/.m2/repository/org/seleniumhq/selenium/selenium-os/4.27.0/selenium-os-4.27.0.jar:/Users/muhammadqaiser/.m2/repository/org/apache/commons/commons-exec/1.4.0/commons-exec-1.4.0.jar:/Users/muhammadqaiser/.m2/repository/org/seleniumhq/selenium/selenium-safari-driver/4.27.0/selenium-safari-driver-4.27.0.jar:/Users/muhammadqaiser/.m2/repository/org/seleniumhq/selenium/selenium-support/4.27.0/selenium-support-4.27.0.jar:/Users/muhammadqaiser/.m2/repository/com/google/auto/service/auto-service-annotations/1.1.1/auto-service-annotations-1.1.1.jar:/Users/muhammadqaiser/.m2/repository/com/google/guava/guava/33.3.1-jre/guava-33.3.1-jre.jar:/Users/muhammadqaiser/.m2/repository/com/google/guava/failureaccess/1.0.2/failureaccess-1.0.2.jar:/Users/muhammadqaiser/.m2/repository/com/google/guava/listenablefuture/9999.0-empty-to-avoid-conflict-with-guava/listenablefuture-9999.0-empty-to-avoid-conflict-with-guava.jar:/Users/muhammadqaiser/.m2/repository/com/google/code/findbugs/jsr305/3.0.2/jsr305-3.0.2.jar:/Users/muhammadqaiser/.m2/repository/org/checkerframework/checker-qual/3.43.0/checker-qual-3.43.0.jar:/Users/muhammadqaiser/.m2/repository/com/google/errorprone/error_prone_annotations/2.28.0/error_prone_annotations-2.28.0.jar:/Users/muhammadqaiser/.m2/repository/com/google/j2objc/j2objc-annotations/3.0.0/j2objc-annotations-3.0.0.jar:/Users/muhammadqaiser/.m2/repository/net/bytebuddy/byte-buddy/1.15.10/byte-buddy-1.15.10.jar:/Users/muhammadqaiser/.m2/repository/org/seleniumhq/selenium/selenium-json/4.27.0/selenium-json-4.27.0.jar:/Users/muhammadqaiser/.m2/repository/org/testng/testng/7.10.2/testng-7.10.2.jar:/Users/muhammadqaiser/.m2/repository/org/slf4j/slf4j-api/1.7.36/slf4j-api-1.7.36.jar:/Users/muhammadqaiser/.m2/repository/com/beust/jcommander/1.82/jcommander-1.82.jar:/Users/muhammadqaiser/.m2/repository/org/webjars/jquery/3.7.1/jquery-3.7.1.jar:/Users/muhammadqaiser/.m2/repository/org/apache/maven/plugins/maven-surefire-plugin/3.5.2/maven-surefire-plugin-3.5.2.jar:/Users/muhammadqaiser/.m2/repository/org/apache/maven/surefire/surefire-api/3.5.2/surefire-api-3.5.2.jar:/Users/muhammadqaiser/.m2/repository/org/apache/maven/surefire/surefire-logger-api/3.5.2/surefire-logger-api-3.5.2.jar:/Users/muhammadqaiser/.m2/repository/org/apache/maven/surefire/surefire-shared-utils/3.5.2/surefire-shared-utils-3.5.2.jar:/Users/muhammadqaiser/.m2/repository/org/apache/maven/surefire/surefire-extensions-api/3.5.2/surefire-extensions-api-3.5.2.jar:/Users/muhammadqaiser/.m2/repository/org/apache/maven/surefire/maven-surefire-common/3.5.2/maven-surefire-common-3.5.2.jar:/Users/muhammadqaiser/.m2/repository/org/apache/maven/surefire/surefire-booter/3.5.2/surefire-booter-3.5.2.jar:/Users/muhammadqaiser/.m2/repository/org/apache/maven/surefire/surefire-extensions-spi/3.5.2/surefire-extensions-spi-3.5.2.jar:/Users/muhammadqaiser/.m2/repository/org/apache/maven/resolver/maven-resolver-util/1.4.1/maven-resolver-util-1.4.1.jar:/Users/muhammadqaiser/.m2/repository/org/apache/maven/resolver/maven-resolver-api/1.4.1/maven-resolver-api-1.4.1.jar:/Users/muhammadqaiser/.m2/repository/org/apache/maven/shared/maven-common-artifact-filters/3.4.0/maven-common-artifact-filters-3.4.0.jar:/Users/muhammadqaiser/.m2/repository/org/codehaus/plexus/plexus-java/1.3.0/plexus-java-1.3.0.jar:/Users/muhammadqaiser/.m2/repository/org/ow2/asm/asm/9.7/asm-9.7.jar:/Users/muhammadqaiser/.m2/repository/com/thoughtworks/qdox/qdox/2.1.0/qdox-2.1.0.jar:"/>
    <property name="java.vm.vendor" value="Oracle Corporation"/>
    <property name="sun.arch.data.model" value="64"/>
    <property name="java.vendor.url" value="https://java.oracle.com/"/>
    <property name="user.timezone" value="Europe/London"/>
    <property name="os.name" value="Mac OS X"/>
    <property name="java.vm.specification.version" value="23"/>
    <property name="sun.java.launcher" value="SUN_STANDARD"/>
    <property name="user.country" value="GB"/>
    <property name="sun.boot.library.path" value="/Library/Java/JavaVirtualMachines/jdk-23.jdk/Contents/Home/lib"/>
    <property name="sun.java.command" value="/Users/muhammadqaiser/Documents/Automation Stuff/IntelliJ IDEA/openCartProject/Opencart/target/surefire/surefirebooter-20250121212144411_3.jar /Users/muhammadqaiser/Documents/Automation Stuff/IntelliJ IDEA/openCartProject/Opencart/target/surefire 2025-01-21T21-21-44_324-jvmRun1 surefire-20250121212144411_1tmp surefire_0-20250121212144411_2tmp"/>
    <property name="http.nonProxyHosts" value="local|*.local|169.254/16|*.169.254/16"/>
    <property name="jdk.debug" value="release"/>
    <property name="surefire.test.class.path" value="/Users/muhammadqaiser/Documents/Automation Stuff/IntelliJ IDEA/openCartProject/Opencart/target/test-classes:/Users/muhammadqaiser/Documents/Automation Stuff/IntelliJ IDEA/openCartProject/Opencart/target/classes:/Users/muhammadqaiser/.m2/repository/org/seleniumhq/selenium/selenium-java/4.27.0/selenium-java-4.27.0.jar:/Users/muhammadqaiser/.m2/repository/org/seleniumhq/selenium/selenium-api/4.27.0/selenium-api-4.27.0.jar:/Users/muhammadqaiser/.m2/repository/org/jspecify/jspecify/1.0.0/jspecify-1.0.0.jar:/Users/muhammadqaiser/.m2/repository/org/seleniumhq/selenium/selenium-chrome-driver/4.27.0/selenium-chrome-driver-4.27.0.jar:/Users/muhammadqaiser/.m2/repository/org/seleniumhq/selenium/selenium-chromium-driver/4.27.0/selenium-chromium-driver-4.27.0.jar:/Users/muhammadqaiser/.m2/repository/org/seleniumhq/selenium/selenium-manager/4.27.0/selenium-manager-4.27.0.jar:/Users/muhammadqaiser/.m2/repository/org/seleniumhq/selenium/selenium-devtools-v129/4.27.0/selenium-devtools-v129-4.27.0.jar:/Users/muhammadqaiser/.m2/repository/org/seleniumhq/selenium/selenium-devtools-v130/4.27.0/selenium-devtools-v130-4.27.0.jar:/Users/muhammadqaiser/.m2/repository/org/seleniumhq/selenium/selenium-devtools-v131/4.27.0/selenium-devtools-v131-4.27.0.jar:/Users/muhammadqaiser/.m2/repository/org/seleniumhq/selenium/selenium-devtools-v85/4.27.0/selenium-devtools-v85-4.27.0.jar:/Users/muhammadqaiser/.m2/repository/org/seleniumhq/selenium/selenium-edge-driver/4.27.0/selenium-edge-driver-4.27.0.jar:/Users/muhammadqaiser/.m2/repository/org/seleniumhq/selenium/selenium-firefox-driver/4.27.0/selenium-firefox-driver-4.27.0.jar:/Users/muhammadqaiser/.m2/repository/org/seleniumhq/selenium/selenium-http/4.27.0/selenium-http-4.27.0.jar:/Users/muhammadqaiser/.m2/repository/dev/failsafe/failsafe/3.3.2/failsafe-3.3.2.jar:/Users/muhammadqaiser/.m2/repository/org/seleniumhq/selenium/selenium-ie-driver/4.27.0/selenium-ie-driver-4.27.0.jar:/Users/muhammadqaiser/.m2/repository/org/seleniumhq/selenium/selenium-remote-driver/4.27.0/selenium-remote-driver-4.27.0.jar:/Users/muhammadqaiser/.m2/repository/io/opentelemetry/semconv/opentelemetry-semconv/1.25.0-alpha/opentelemetry-semconv-1.25.0-alpha.jar:/Users/muhammadqaiser/.m2/repository/io/opentelemetry/opentelemetry-api/1.44.1/opentelemetry-api-1.44.1.jar:/Users/muhammadqaiser/.m2/repository/io/opentelemetry/opentelemetry-context/1.44.1/opentelemetry-context-1.44.1.jar:/Users/muhammadqaiser/.m2/repository/io/opentelemetry/opentelemetry-exporter-logging/1.44.1/opentelemetry-exporter-logging-1.44.1.jar:/Users/muhammadqaiser/.m2/repository/io/opentelemetry/opentelemetry-sdk-common/1.44.1/opentelemetry-sdk-common-1.44.1.jar:/Users/muhammadqaiser/.m2/repository/io/opentelemetry/opentelemetry-sdk-extension-autoconfigure-spi/1.44.1/opentelemetry-sdk-extension-autoconfigure-spi-1.44.1.jar:/Users/muhammadqaiser/.m2/repository/io/opentelemetry/opentelemetry-sdk-extension-autoconfigure/1.44.1/opentelemetry-sdk-extension-autoconfigure-1.44.1.jar:/Users/muhammadqaiser/.m2/repository/io/opentelemetry/opentelemetry-api-incubator/1.44.1-alpha/opentelemetry-api-incubator-1.44.1-alpha.jar:/Users/muhammadqaiser/.m2/repository/io/opentelemetry/opentelemetry-sdk-trace/1.44.1/opentelemetry-sdk-trace-1.44.1.jar:/Users/muhammadqaiser/.m2/repository/io/opentelemetry/opentelemetry-sdk/1.44.1/opentelemetry-sdk-1.44.1.jar:/Users/muhammadqaiser/.m2/repository/io/opentelemetry/opentelemetry-sdk-metrics/1.44.1/opentelemetry-sdk-metrics-1.44.1.jar:/Users/muhammadqaiser/.m2/repository/io/opentelemetry/opentelemetry-sdk-logs/1.44.1/opentelemetry-sdk-logs-1.44.1.jar:/Users/muhammadqaiser/.m2/repository/org/seleniumhq/selenium/selenium-os/4.27.0/selenium-os-4.27.0.jar:/Users/muhammadqaiser/.m2/repository/org/apache/commons/commons-exec/1.4.0/commons-exec-1.4.0.jar:/Users/muhammadqaiser/.m2/repository/org/seleniumhq/selenium/selenium-safari-driver/4.27.0/selenium-safari-driver-4.27.0.jar:/Users/muhammadqaiser/.m2/repository/org/seleniumhq/selenium/selenium-support/4.27.0/selenium-support-4.27.0.jar:/Users/muhammadqaiser/.m2/repository/com/google/auto/service/auto-service-annotations/1.1.1/auto-service-annotations-1.1.1.jar:/Users/muhammadqaiser/.m2/repository/com/google/guava/guava/33.3.1-jre/guava-33.3.1-jre.jar:/Users/muhammadqaiser/.m2/repository/com/google/guava/failureaccess/1.0.2/failureaccess-1.0.2.jar:/Users/muhammadqaiser/.m2/repository/com/google/guava/listenablefuture/9999.0-empty-to-avoid-conflict-with-guava/listenablefuture-9999.0-empty-to-avoid-conflict-with-guava.jar:/Users/muhammadqaiser/.m2/repository/com/google/code/findbugs/jsr305/3.0.2/jsr305-3.0.2.jar:/Users/muhammadqaiser/.m2/repository/org/checkerframework/checker-qual/3.43.0/checker-qual-3.43.0.jar:/Users/muhammadqaiser/.m2/repository/com/google/errorprone/error_prone_annotations/2.28.0/error_prone_annotations-2.28.0.jar:/Users/muhammadqaiser/.m2/repository/com/google/j2objc/j2objc-annotations/3.0.0/j2objc-annotations-3.0.0.jar:/Users/muhammadqaiser/.m2/repository/net/bytebuddy/byte-buddy/1.15.10/byte-buddy-1.15.10.jar:/Users/muhammadqaiser/.m2/repository/org/seleniumhq/selenium/selenium-json/4.27.0/selenium-json-4.27.0.jar:/Users/muhammadqaiser/.m2/repository/org/testng/testng/7.10.2/testng-7.10.2.jar:/Users/muhammadqaiser/.m2/repository/org/slf4j/slf4j-api/1.7.36/slf4j-api-1.7.36.jar:/Users/muhammadqaiser/.m2/repository/com/beust/jcommander/1.82/jcommander-1.82.jar:/Users/muhammadqaiser/.m2/repository/org/webjars/jquery/3.7.1/jquery-3.7.1.jar:/Users/muhammadqaiser/.m2/repository/org/apache/maven/plugins/maven-surefire-plugin/3.5.2/maven-surefire-plugin-3.5.2.jar:/Users/muhammadqaiser/.m2/repository/org/apache/maven/surefire/surefire-api/3.5.2/surefire-api-3.5.2.jar:/Users/muhammadqaiser/.m2/repository/org/apache/maven/surefire/surefire-logger-api/3.5.2/surefire-logger-api-3.5.2.jar:/Users/muhammadqaiser/.m2/repository/org/apache/maven/surefire/surefire-shared-utils/3.5.2/surefire-shared-utils-3.5.2.jar:/Users/muhammadqaiser/.m2/repository/org/apache/maven/surefire/surefire-extensions-api/3.5.2/surefire-extensions-api-3.5.2.jar:/Users/muhammadqaiser/.m2/repository/org/apache/maven/surefire/maven-surefire-common/3.5.2/maven-surefire-common-3.5.2.jar:/Users/muhammadqaiser/.m2/repository/org/apache/maven/surefire/surefire-booter/3.5.2/surefire-booter-3.5.2.jar:/Users/muhammadqaiser/.m2/repository/org/apache/maven/surefire/surefire-extensions-spi/3.5.2/surefire-extensions-spi-3.5.2.jar:/Users/muhammadqaiser/.m2/repository/org/apache/maven/resolver/maven-resolver-util/1.4.1/maven-resolver-util-1.4.1.jar:/Users/muhammadqaiser/.m2/repository/org/apache/maven/resolver/maven-resolver-api/1.4.1/maven-resolver-api-1.4.1.jar:/Users/muhammadqaiser/.m2/repository/org/apache/maven/shared/maven-common-artifact-filters/3.4.0/maven-common-artifact-filters-3.4.0.jar:/Users/muhammadqaiser/.m2/repository/org/codehaus/plexus/plexus-java/1.3.0/plexus-java-1.3.0.jar:/Users/muhammadqaiser/.m2/repository/org/ow2/asm/asm/9.7/asm-9.7.jar:/Users/muhammadqaiser/.m2/repository/com/thoughtworks/qdox/qdox/2.1.0/qdox-2.1.0.jar:"/>
    <property name="sun.cpu.endian" value="little"/>
    <property name="user.home" value="/Users/muhammadqaiser"/>
    <property name="user.language" value="en"/>
    <property name="java.specification.vendor" value="Oracle Corporation"/>
    <property name="java.version.date" value="2024-10-15"/>
    <property name="java.home" value="/Library/Java/JavaVirtualMachines/jdk-23.jdk/Contents/Home"/>
    <property name="file.separator" value="/"/>
    <property name="basedir" value="/Users/muhammadqaiser/Documents/Automation Stuff/IntelliJ IDEA/openCartProject/Opencart"/>
    <property name="java.vm.compressedOopsMode" value="Zero based"/>
    <property name="line.separator" value="&#10;"/>
    <property name="java.vm.specification.vendor" value="Oracle Corporation"/>
    <property name="java.specification.name" value="Java Platform API Specification"/>
    <property name="apple.awt.application.name" value="ForkedBooter"/>
    <property name="surefire.real.class.path" value="/Users/muhammadqaiser/Documents/Automation Stuff/IntelliJ IDEA/openCartProject/Opencart/target/surefire/surefirebooter-20250121212144411_3.jar"/>
    <property name="sun.management.compiler" value="HotSpot 64-Bit Tiered Compilers"/>
    <property name="ftp.nonProxyHosts" value="local|*.local|169.254/16|*.169.254/16"/>
    <property name="java.runtime.version" value="23.0.1+11-39"/>
    <property name="user.name" value="muhammadqaiser"/>
    <property name="stdout.encoding" value="UTF-8"/>
    <property name="path.separator" value=":"/>
    <property name="os.version" value="13.7.2"/>
    <property name="java.runtime.name" value="Java(TM) SE Runtime Environment"/>
    <property name="file.encoding" value="UTF-8"/>
    <property name="java.vm.name" value="Java HotSpot(TM) 64-Bit Server VM"/>
    <property name="localRepository" value="/Users/muhammadqaiser/.m2/repository"/>
    <property name="java.vendor.url.bug" value="https://bugreport.java.com/bugreport/"/>
    <property name="java.io.tmpdir" value="/var/folders/nm/dwtw1bdd5czg78d79s5zlblr0000gn/T/"/>
    <property name="java.version" value="23.0.1"/>
    <property name="user.dir" value="/Users/muhammadqaiser/Documents/Automation Stuff/IntelliJ IDEA/openCartProject/Opencart"/>
    <property name="os.arch" value="x86_64"/>
    <property name="java.vm.specification.name" value="Java Virtual Machine Specification"/>
    <property name="native.encoding" value="UTF-8"/>
    <property name="java.library.path" value="/Users/muhammadqaiser/Library/Java/Extensions:/Library/Java/Extensions:/Network/Library/Java/Extensions:/System/Library/Java/Extensions:/usr/lib/java:."/>
    <property name="java.vm.info" value="mixed mode, sharing"/>
    <property name="stderr.encoding" value="UTF-8"/>
    <property name="java.vendor" value="Oracle Corporation"/>
    <property name="java.vm.version" value="23.0.1+11-39"/>
    <property name="sun.io.unicode.encoding" value="UnicodeBig"/>
    <property name="socksNonProxyHosts" value="local|*.local|169.254/16|*.169.254/16"/>
    <property name="java.class.version" value="67.0"/>
  </properties>
  <testcase name="navigateToNewUserPage" classname="Tests.RegisterNewUserTest" time="0.848">
    <system-err><![CDATA[SLF4J: Failed to load class "org.slf4j.impl.StaticLoggerBinder".
SLF4J: Defaulting to no-operation (NOP) logger implementation
SLF4J: See http://www.slf4j.org/codes.html#StaticLoggerBinder for further details.
Jan 21, 2025 9:21:46 PM org.openqa.selenium.devtools.CdpVersionFinder findNearestMatch
WARNING: Unable to find an exact match for CDP version 132, returning the closest version; found: 131; Please update to a Selenium version that supports CDP version 132
]]></system-err>
  </testcase>
  <testcase name="registerNewUser" classname="Tests.RegisterNewUserTest" time="1.917">
    <system-out><![CDATA[Log INFO: Email Generated is-------test21_21_50_01_2025@eamil.com
]]></system-out>
  </testcase>
  <testcase name="verifyAccountCreatedText" classname="Tests.RegisterNewUserTest" time="0.046"/>
  <testcase name="verifyCongratulationsText" classname="Tests.RegisterNewUserTest" time="0.031"/>
  <testcase name="verifyAdvantageText" classname="Tests.RegisterNewUserTest" time="0.035"/>
  <testcase name="verifyAnyQuestionText" classname="Tests.RegisterNewUserTest" time="0.035"/>
  <testcase name="verifyConfermationHasBeenSentText" classname="Tests.RegisterNewUserTest" time="0.033"/>
  <testcase name="checkContinueButtonDisplays" classname="Tests.RegisterNewUserTest" time="0.035"/>
  <testcase name="clickOnContinueButton" classname="Tests.RegisterNewUserTest" time="0.499"/>
  <testcase name="navigateToLogin" classname="Tests.LoginTest" time="0.633">
    <system-out><![CDATA[PASSED: Tests.RegisterNewUserTest.checkContinueButtonDisplays
PASSED: Tests.RegisterNewUserTest.verifyAnyQuestionText
PASSED: Tests.RegisterNewUserTest.verifyConfermationHasBeenSentText
PASSED: Tests.RegisterNewUserTest.verifyCongratulationsText
PASSED: Tests.RegisterNewUserTest.navigateToNewUserPage
PASSED: Tests.RegisterNewUserTest.verifyAdvantageText
PASSED: Tests.RegisterNewUserTest.registerNewUser
PASSED: Tests.RegisterNewUserTest.verifyAccountCreatedText
PASSED: Tests.RegisterNewUserTest.clickOnContinueButton

===============================================
    /Users/muhammadqaiser/Documents/Automation Stuff/IntelliJ IDEA/openCartProject/Opencart/src/main/java/Tests/RegisterNewUserTest.java
    Tests run: 9, Failures: 0, Skips: 0
===============================================

]]></system-out>
    <system-err><![CDATA[Jan 21, 2025 9:21:54 PM org.openqa.selenium.devtools.CdpVersionFinder findNearestMatch
WARNING: Unable to find an exact match for CDP version 132, returning the closest version; found: 131; Please update to a Selenium version that supports CDP version 132
]]></system-err>
  </testcase>
  <testcase name="ValidLoginToApp" classname="Tests.LoginTest" time="1.229"/>
  <testcase name="navigateToNewUserPage" classname="Tests.RegisterNewUserPageFieldCheck" time="1.331">
    <system-out><![CDATA[PASSED: Tests.LoginTest.navigateToLogin
PASSED: Tests.LoginTest.ValidLoginToApp

===============================================
    /Users/muhammadqaiser/Documents/Automation Stuff/IntelliJ IDEA/openCartProject/Opencart/src/main/java/Tests/LoginTest.java
    Tests run: 2, Failures: 0, Skips: 0
===============================================

]]></system-out>
    <system-err><![CDATA[Jan 21, 2025 9:22:00 PM org.openqa.selenium.devtools.CdpVersionFinder findNearestMatch
WARNING: Unable to find an exact match for CDP version 132, returning the closest version; found: 131; Please update to a Selenium version that supports CDP version 132
]]></system-err>
  </testcase>
  <testcase name="verifyWarningError" classname="Tests.RegisterNewUserPageFieldCheck" time="0.059"/>
  <testcase name="verifyFNameError" classname="Tests.RegisterNewUserPageFieldCheck" time="0.041"/>
  <testcase name="verifyLNameError" classname="Tests.RegisterNewUserPageFieldCheck" time="0.034"/>
  <testcase name="verifyEmailError" classname="Tests.RegisterNewUserPageFieldCheck" time="0.038"/>
  <testcase name="verifyTelephoneError" classname="Tests.RegisterNewUserPageFieldCheck" time="0.033"/>
  <testcase name="verifyPasswordError" classname="Tests.RegisterNewUserPageFieldCheck" time="0.032"/>
</testsuite>