<?xml version="1.0" encoding="UTF-8"?>
<!-- Generated by org.testng.reporters.JUnitReportReporter -->
<testsuite hostname="Muhammads-MBP.communityfibre.co.uk" failures="0" tests="9" name="Tests.RegisterNewUserTest" time="4.051" errors="0" timestamp="2025-01-23T18:58:25 GMT" skipped="0">
  <testcase classname="Tests.RegisterNewUserTest" name="navigateToNewUserPage" time="1.251"/>
  <testcase classname="Tests.RegisterNewUserTest" name="registerNewUser" time="2.086">
    <system-out>
      <![CDATA[Log INFO: Email Generated is-------test18_58_10_01_2025@eamil.com]]>
    </system-out>
  </testcase> <!-- registerNewUser -->
  <testcase classname="Tests.RegisterNewUserTest" name="verifyAccountCreatedText" time="0.046"/>
  <testcase classname="Tests.RegisterNewUserTest" name="verifyCongratulationsText" time="0.034"/>
  <testcase classname="Tests.RegisterNewUserTest" name="verifyAdvantageText" time="0.038"/>
  <testcase classname="Tests.RegisterNewUserTest" name="verifyAnyQuestionText" time="0.040"/>
  <testcase classname="Tests.RegisterNewUserTest" name="verifyConfermationHasBeenSentText" time="0.040"/>
  <testcase classname="Tests.RegisterNewUserTest" name="checkContinueButtonDisplays" time="0.042"/>
  <testcase classname="Tests.RegisterNewUserTest" name="clickOnContinueButton" time="0.474"/>
  <system-out>
    <![CDATA[Log: INFO Settingup driver
Log INFO: Email Generated is-------test18_58_10_01_2025@eamil.com
Log: INFO Closing driver
Log: INFO Settingup driver
Log: INFO Closing driver
Log: INFO Settingup driver
Log: INFO Closing driver]]>
  </system-out>
</testsuite> <!-- Tests.RegisterNewUserTest -->
