<?xml version="1.0" encoding="UTF-8"?>
<!-- Generated by org.testng.reporters.JUnitReportReporter -->
<testsuite hostname="Muhammads-MBP.communityfibre.co.uk" failures="0" tests="7" name="Tests.RegisterNewUserPageFieldCheck" time="10.310" errors="0" timestamp="2025-02-21T02:31:15 GMT" skipped="0">
  <testcase classname="Tests.RegisterNewUserPageFieldCheck" name="navigateToNewUserPage" time="3.988"/>
  <testcase classname="Tests.RegisterNewUserPageFieldCheck" name="verifyWarningError" time="1.058"/>
  <testcase classname="Tests.RegisterNewUserPageFieldCheck" name="verifyFNameError" time="1.056"/>
  <testcase classname="Tests.RegisterNewUserPageFieldCheck" name="verifyLNameError" time="1.057"/>
  <testcase classname="Tests.RegisterNewUserPageFieldCheck" name="verifyEmailError" time="1.050"/>
  <testcase classname="Tests.RegisterNewUserPageFieldCheck" name="verifyTelephoneError" time="1.049"/>
  <testcase classname="Tests.RegisterNewUserPageFieldCheck" name="verifyPasswordError" time="1.052"/>
  <system-out>
    <![CDATA[Log: INFO Settingup driver
Log: INFO Closing driver
Log: INFO Settingup driver
Login
Register
Forgotten Password
My Account
Address Book
Wish List
Order History
Downloads
Recurring payments
Reward Points
Returns
Transactions
Newsletter
Log: INFO Closing driver
Log: INFO Settingup driver
Log INFO: Email Generated is-------test02_30_30_02_2025@eamil.com
Success: Your newsletter subscription has been successfully updated!
Log: INFO Closing driver
Log: INFO Settingup driver
Log: INFO Closing driver]]>
  </system-out>
</testsuite> <!-- Tests.RegisterNewUserPageFieldCheck -->
