<?xml version="1.0" encoding="UTF-8"?>
<!-- Generated by org.testng.reporters.JUnitReportReporter -->
<testsuite hostname="Muhammads-MBP.communityfibre.co.uk" failures="0" tests="9" name="Tests.RegisterNewUserTest" time="4.302" errors="0" timestamp="2025-02-15T22:43:48 GMT" skipped="0">
  <testcase classname="Tests.RegisterNewUserTest" name="newUserPageNavigationByDifferentWays" time="1.636"/>
  <testcase classname="Tests.RegisterNewUserTest" name="registerNewUser" time="1.947">
    <system-out>
      <![CDATA[Log INFO: Email Generated is-------test22_43_40_02_2025@eamil.com]]>
    </system-out>
  </testcase> <!-- registerNewUser -->
  <testcase classname="Tests.RegisterNewUserTest" name="verifyAccountCreatedText" time="0.047"/>
  <testcase classname="Tests.RegisterNewUserTest" name="verifyCongratulationsText" time="0.032"/>
  <testcase classname="Tests.RegisterNewUserTest" name="verifyAdvantageText" time="0.036"/>
  <testcase classname="Tests.RegisterNewUserTest" name="verifyAnyQuestionText" time="0.038"/>
  <testcase classname="Tests.RegisterNewUserTest" name="verifyConfermationHasBeenSentText" time="0.038"/>
  <testcase classname="Tests.RegisterNewUserTest" name="checkContinueButtonDisplays" time="0.038"/>
  <testcase classname="Tests.RegisterNewUserTest" name="clickOnContinueButton" time="0.490"/>
  <system-out>
    <![CDATA[Log: INFO Settingup driver
Log: INFO Closing driver
Log: INFO Settingup driver
Login
Register
Forgotten Password
My Account
Address Book
Wish List
Order History
Downloads
Recurring payments
Reward Points
Returns
Transactions
Newsletter
Log: INFO Closing driver
Log: INFO Settingup driver
Log INFO: Email Generated is-------test22_43_40_02_2025@eamil.com
Log: INFO Closing driver
Log: INFO Settingup driver
Log: INFO Closing driver]]>
  </system-out>
</testsuite> <!-- Tests.RegisterNewUserTest -->
