<?xml version="1.0" encoding="UTF-8"?>
<!-- Generated by org.testng.reporters.JUnitReportReporter -->
<testsuite hostname="Muhammads-MBP.communityfibre.co.uk" failures="0" tests="7" name="Tests.RegisterNewUserPageFieldCheck" time="1.633" errors="0" timestamp="2025-01-23T18:58:25 GMT" skipped="0">
  <testcase classname="Tests.RegisterNewUserPageFieldCheck" name="navigateToNewUserPage" time="1.385"/>
  <testcase classname="Tests.RegisterNewUserPageFieldCheck" name="verifyWarningError" time="0.058"/>
  <testcase classname="Tests.RegisterNewUserPageFieldCheck" name="verifyFNameError" time="0.040"/>
  <testcase classname="Tests.RegisterNewUserPageFieldCheck" name="verifyLNameError" time="0.038"/>
  <testcase classname="Tests.RegisterNewUserPageFieldCheck" name="verifyEmailError" time="0.038"/>
  <testcase classname="Tests.RegisterNewUserPageFieldCheck" name="verifyTelephoneError" time="0.037"/>
  <testcase classname="Tests.RegisterNewUserPageFieldCheck" name="verifyPasswordError" time="0.037"/>
  <system-out>
    <![CDATA[Log: INFO Settingup driver
Log INFO: Email Generated is-------test18_58_10_01_2025@eamil.com
Log: INFO Closing driver
Log: INFO Settingup driver
Log: INFO Closing driver
Log: INFO Settingup driver
Log: INFO Closing driver]]>
  </system-out>
</testsuite> <!-- Tests.RegisterNewUserPageFieldCheck -->
