<?xml version="1.0" encoding="UTF-8"?>
<!-- Generated by org.testng.reporters.JUnitReportReporter -->
<testsuite hostname="Muhammads-MBP.communityfibre.co.uk" failures="0" tests="2" name="Tests.LoginTest" time="1.691" errors="0" timestamp="2025-02-04T05:02:05 GMT" skipped="0">
  <testcase classname="Tests.LoginTest" name="navigateToLogin" time="0.575"/>
  <testcase classname="Tests.LoginTest" name="ValidLoginToApp" time="1.116"/>
  <system-out>
    <![CDATA[Log: INFO Settingup driver
Log: INFO Closing driver
Log: INFO Settingup driver
Log INFO: Email Generated is-------test05_01_41_02_2025@eamil.com
Log: INFO Closing driver]]>
  </system-out>
</testsuite> <!-- Tests.LoginTest -->
