<?xml version="1.0" encoding="UTF-8"?>
<!-- Generated by org.testng.reporters.JUnitReportReporter -->
<testsuite hostname="Muhammads-MBP.communityfibre.co.uk" failures="0" tests="9" name="Tests.RegisterNewUserTest" time="4.397" errors="0" timestamp="2025-01-28T16:51:19 GMT" skipped="0">
  <testcase classname="Tests.RegisterNewUserTest" name="newUserPageNavigationByDifferentWays" time="1.663"/>
  <testcase classname="Tests.RegisterNewUserTest" name="registerNewUser" time="2.097">
    <system-out>
      <![CDATA[Log INFO: Email Generated is-------test16_51_13_01_2025@eamil.com]]>
    </system-out>
  </testcase> <!-- registerNewUser -->
  <testcase classname="Tests.RegisterNewUserTest" name="verifyAccountCreatedText" time="0.045"/>
  <testcase classname="Tests.RegisterNewUserTest" name="verifyCongratulationsText" time="0.035"/>
  <testcase classname="Tests.RegisterNewUserTest" name="verifyAdvantageText" time="0.039"/>
  <testcase classname="Tests.RegisterNewUserTest" name="verifyAnyQuestionText" time="0.039"/>
  <testcase classname="Tests.RegisterNewUserTest" name="verifyConfermationHasBeenSentText" time="0.043"/>
  <testcase classname="Tests.RegisterNewUserTest" name="checkContinueButtonDisplays" time="0.037"/>
  <testcase classname="Tests.RegisterNewUserTest" name="clickOnContinueButton" time="0.399"/>
  <system-out>
    <![CDATA[Log: INFO Settingup driver
Chrome is running in Headless Mode!!, you can change the setting in Config file
Log: INFO Closing driver
Log: INFO Settingup driver
Chrome is running in Headless Mode!!, you can change the setting in Config file
Log INFO: Email Generated is-------test16_51_13_01_2025@eamil.com
Log: INFO Closing driver]]>
  </system-out>
</testsuite> <!-- Tests.RegisterNewUserTest -->
