<?xml version="1.0" encoding="UTF-8"?>
<!-- Generated by org.testng.reporters.JUnitReportReporter -->
<testsuite hostname="Muhammads-MBP.communityfibre.co.uk" failures="0" tests="10" name="Tests.RegisterNewUserTest" time="4.447" errors="1" timestamp="2025-01-23T23:26:44 GMT" skipped="0">
  <testcase classname="Tests.RegisterNewUserTest" name="driverTearDown" time="0.908">
    <error message="Tried to run command without establishing a connection
Build info: version: &#039;4.28.0&#039;, revision: &#039;ac342546e9&#039;
System info: os.name: &#039;Mac OS X&#039;, os.arch: &#039;x86_64&#039;, os.version: &#039;13.7.2&#039;, java.version: &#039;23.0.1&#039;
Driver info: org.openqa.selenium.firefox.FirefoxDriver
Command: [d8ababf7-d968-4fe7-9f7d-91e9adb03ca1, quit {}]
Capabilities {acceptInsecureCerts: true, browserName: firefox, browserVersion: 134.0.2, moz:accessibilityChecks: false, moz:buildID: 20250120135430, moz:debuggerAddress: 127.0.0.1:13383, moz:geckodriverVersion: 0.35.0, moz:headless: false, moz:platformVersion: 22.6.0, moz:processID: 7162, moz:profile: /var/folders/nm/dwtw1bdd5cz..., moz:shutdownTimeout: 60000, moz:webdriverClick: true, moz:windowless: false, pageLoadStrategy: normal, platformName: mac, proxy: Proxy(), se:cdp: ws://127.0.0.1:13383/devtoo..., se:cdpVersion: 85.0, setWindowRect: true, strictFileInteractability: false, timeouts: {implicit: 0, pageLoad: 300000, script: 30000}, unhandledPromptBehavior: dismiss and notify, userAgent: Mozilla/5.0 (Macintosh; Int...}
Session ID: d8ababf7-d968-4fe7-9f7d-91e9adb03ca1" type="org.openqa.selenium.NoSuchSessionException">
      <![CDATA[org.openqa.selenium.NoSuchSessionException: Tried to run command without establishing a connection
Build info: version: '4.28.0', revision: 'ac342546e9'
System info: os.name: 'Mac OS X', os.arch: 'x86_64', os.version: '13.7.2', java.version: '23.0.1'
Driver info: org.openqa.selenium.firefox.FirefoxDriver
Command: [d8ababf7-d968-4fe7-9f7d-91e9adb03ca1, quit {}]
Capabilities {acceptInsecureCerts: true, browserName: firefox, browserVersion: 134.0.2, moz:accessibilityChecks: false, moz:buildID: 20250120135430, moz:debuggerAddress: 127.0.0.1:13383, moz:geckodriverVersion: 0.35.0, moz:headless: false, moz:platformVersion: 22.6.0, moz:processID: 7162, moz:profile: /var/folders/nm/dwtw1bdd5cz..., moz:shutdownTimeout: 60000, moz:webdriverClick: true, moz:windowless: false, pageLoadStrategy: normal, platformName: mac, proxy: Proxy(), se:cdp: ws://127.0.0.1:13383/devtoo..., se:cdpVersion: 85.0, setWindowRect: true, strictFileInteractability: false, timeouts: {implicit: 0, pageLoad: 300000, script: 30000}, unhandledPromptBehavior: dismiss and notify, userAgent: Mozilla/5.0 (Macintosh; Int...}
Session ID: d8ababf7-d968-4fe7-9f7d-91e9adb03ca1
at java.base/jdk.internal.reflect.DirectConstructorHandleAccessor.newInstance(DirectConstructorHandleAccessor.java:62)
at java.base/java.lang.reflect.Constructor.newInstanceWithCaller(Constructor.java:501)
at java.base/java.lang.reflect.Constructor.newInstance(Constructor.java:485)
at org.openqa.selenium.remote.ErrorCodec.decode(ErrorCodec.java:167)
at org.openqa.selenium.remote.codec.w3c.W3CHttpResponseCodec.decode(W3CHttpResponseCodec.java:138)
at org.openqa.selenium.remote.codec.w3c.W3CHttpResponseCodec.decode(W3CHttpResponseCodec.java:50)
at org.openqa.selenium.remote.HttpCommandExecutor.execute(HttpCommandExecutor.java:215)
at org.openqa.selenium.remote.service.DriverCommandExecutor.invokeExecute(DriverCommandExecutor.java:216)
at org.openqa.selenium.remote.service.DriverCommandExecutor.lambda$execute$1(DriverCommandExecutor.java:126)
at java.base/java.util.concurrent.CompletableFuture$AsyncSupply.run(CompletableFuture.java:1812)
at java.base/java.util.concurrent.ThreadPoolExecutor.runWorker(ThreadPoolExecutor.java:1144)
at java.base/java.util.concurrent.ThreadPoolExecutor$Worker.run(ThreadPoolExecutor.java:642)
at java.base/java.lang.Thread.run(Thread.java:1575)
]]>
    </error>
    <system-out>
      <![CDATA[Log: INFO Closing driver]]>
    </system-out>
  </testcase> <!-- driverTearDown -->
  <testcase classname="Tests.RegisterNewUserTest" name="navigateToNewUserPage" time="1.296"/>
  <testcase classname="Tests.RegisterNewUserTest" name="registerNewUser" time="1.678">
    <system-out>
      <![CDATA[Log INFO: Email Generated is-------test23_26_41_01_2025@eamil.com]]>
    </system-out>
  </testcase> <!-- registerNewUser -->
  <testcase classname="Tests.RegisterNewUserTest" name="verifyAccountCreatedText" time="0.030"/>
  <testcase classname="Tests.RegisterNewUserTest" name="verifyCongratulationsText" time="0.026"/>
  <testcase classname="Tests.RegisterNewUserTest" name="verifyAdvantageText" time="0.025"/>
  <testcase classname="Tests.RegisterNewUserTest" name="verifyAnyQuestionText" time="0.025"/>
  <testcase classname="Tests.RegisterNewUserTest" name="verifyConfermationHasBeenSentText" time="0.027"/>
  <testcase classname="Tests.RegisterNewUserTest" name="checkContinueButtonDisplays" time="0.027"/>
  <testcase classname="Tests.RegisterNewUserTest" name="clickOnContinueButton" time="0.405"/>
  <system-out>
    <![CDATA[Log: INFO Settingup driver
Log: INFO Closing driver
Log: INFO Settingup driver
Log INFO: Email Generated is-------test23_26_41_01_2025@eamil.com
Log: INFO Closing driver]]>
  </system-out>
</testsuite> <!-- Tests.RegisterNewUserTest -->
