<?xml version="1.0" encoding="UTF-8"?>
<!-- Generated by org.testng.reporters.JUnitReportReporter -->
<testsuite hostname="Muhammads-MBP.communityfibre.co.uk" failures="0" tests="4" name="Tests.LoginPageFieldsCheck" time="1.941" errors="0" timestamp="2025-01-29T15:27:38 GMT" skipped="0">
  <testcase classname="Tests.LoginPageFieldsCheck" name="navigateToLogin" time="0.520"/>
  <testcase classname="Tests.LoginPageFieldsCheck" name="checkEmailFieldError" time="0.862"/>
  <testcase classname="Tests.LoginPageFieldsCheck" name="checkPasswordFieldError" time="0.433"/>
  <testcase classname="Tests.LoginPageFieldsCheck" name="readListOnRightOfPage" time="0.126">
    <system-out>
      <![CDATA[Login
Register
Forgotten Password
My Account
Address Book
Wish List
Order History
Downloads
Recurring payments
Reward Points
Returns
Transactions
Newsletter]]>
    </system-out>
  </testcase> <!-- readListOnRightOfPage -->
  <system-out>
    <![CDATA[Log: INFO Settingup driver
Log: INFO Closing driver
Log: INFO Settingup driver
Login
Register
Forgotten Password
My Account
Address Book
Wish List
Order History
Downloads
Recurring payments
Reward Points
Returns
Transactions
Newsletter
Log: INFO Closing driver
Log: INFO Settingup driver
Log INFO: Email Generated is-------test15_27_30_01_2025@eamil.com
Log: INFO Closing driver
Log: INFO Settingup driver
Log: INFO Closing driver]]>
  </system-out>
</testsuite> <!-- Tests.LoginPageFieldsCheck -->
