<?xml version="1.0" encoding="UTF-8"?>
<!-- Generated by org.testng.reporters.JUnitReportReporter -->
<testsuite hostname="Muhammads-MBP.communityfibre.co.uk" failures="0" tests="2" name="Tests.LoginTest" time="2.232" errors="0" timestamp="2025-01-27T21:08:51 GMT" skipped="0">
  <testcase classname="Tests.LoginTest" name="navigateToLogin" time="0.822"/>
  <testcase classname="Tests.LoginTest" name="ValidLoginToApp" time="1.410"/>
  <system-out>
    <![CDATA[Log: INFO Settingup driver
Chrome is running in Headless Mode!!, you can change the setting in Config file
Log: INFO Closing driver
Log: INFO Settingup driver
Chrome is running in Headless Mode!!, you can change the setting in Config file
Login
Register
Forgotten Password
My Account
Address Book
Wish List
Order History
Downloads
Recurring payments
Reward Points
Returns
Transactions
Newsletter
Log: INFO Closing driver
Log: INFO Settingup driver
Chrome is running in Headless Mode!!, you can change the setting in Config file
Log INFO: Email Generated is-------test21_08_39_01_2025@eamil.com
Log: INFO Closing driver
Log: INFO Settingup driver
Chrome is running in Headless Mode!!, you can change the setting in Config file
Log: INFO Closing driver]]>
  </system-out>
</testsuite> <!-- Tests.LoginTest -->
