<?xml version="1.0" encoding="UTF-8"?>
<!-- Generated by org.testng.reporters.JUnitReportReporter -->
<testsuite hostname="Muhammads-MBP.communityfibre.co.uk" failures="0" tests="2" name="Tests.LoginTest" time="6.948" errors="0" timestamp="2025-02-21T02:31:15 GMT" skipped="0">
  <testcase classname="Tests.LoginTest" name="navigateToLogin" time="2.700"/>
  <testcase classname="Tests.LoginTest" name="ValidLoginToApp" time="4.248"/>
  <system-out>
    <![CDATA[Log: INFO Settingup driver
Log: INFO Closing driver
Log: INFO Settingup driver
Login
Register
Forgotten Password
My Account
Address Book
Wish List
Order History
Downloads
Recurring payments
Reward Points
Returns
Transactions
Newsletter
Log: INFO Closing driver
Log: INFO Settingup driver
Log INFO: Email Generated is-------test02_30_30_02_2025@eamil.com
Success: Your newsletter subscription has been successfully updated!
Log: INFO Closing driver
Log: INFO Settingup driver
Log: INFO Closing driver]]>
  </system-out>
</testsuite> <!-- Tests.LoginTest -->
