<?xml version="1.0" encoding="UTF-8"?>
<!-- Generated by org.testng.reporters.JUnitReportReporter -->
<testsuite hostname="Muhammads-MBP.communityfibre.co.uk" failures="0" tests="9" name="Tests.RegisterNewUserTest" time="39.075" errors="0" timestamp="2025-01-28T18:26:37 GMT" skipped="0">
  <testcase classname="Tests.RegisterNewUserTest" name="newUserPageNavigationByDifferentWays" time="8.806"/>
  <testcase classname="Tests.RegisterNewUserTest" name="registerNewUser" time="18.146">
    <system-out>
      <![CDATA[Log INFO: Email Generated is-------test18_26_05_01_2025@eamil.com]]>
    </system-out>
  </testcase> <!-- registerNewUser -->
  <testcase classname="Tests.RegisterNewUserTest" name="verifyAccountCreatedText" time="1.602"/>
  <testcase classname="Tests.RegisterNewUserTest" name="verifyCongratulationsText" time="1.684"/>
  <testcase classname="Tests.RegisterNewUserTest" name="verifyAdvantageText" time="1.590"/>
  <testcase classname="Tests.RegisterNewUserTest" name="verifyAnyQuestionText" time="1.592"/>
  <testcase classname="Tests.RegisterNewUserTest" name="verifyConfermationHasBeenSentText" time="1.598"/>
  <testcase classname="Tests.RegisterNewUserTest" name="checkContinueButtonDisplays" time="1.584"/>
  <testcase classname="Tests.RegisterNewUserTest" name="clickOnContinueButton" time="2.473"/>
  <system-out>
    <![CDATA[Log: INFO Settingup driver
Log: INFO Closing driver
Log: INFO Settingup driver
Log INFO: Email Generated is-------test18_26_05_01_2025@eamil.com
Log: INFO Closing driver]]>
  </system-out>
</testsuite> <!-- Tests.RegisterNewUserTest -->
