<?xml version="1.0" encoding="UTF-8"?>
<!-- Generated by org.testng.reporters.JUnitReportReporter -->
<testsuite hostname="Muhammads-MBP.communityfibre.co.uk" failures="0" tests="9" name="Tests.RegisterNewUserTest" time="34.628" errors="0" timestamp="2025-02-21T02:31:15 GMT" skipped="0">
  <testcase classname="Tests.RegisterNewUserTest" name="newUserPageNavigationByDifferentWays" time="6.180"/>
  <testcase classname="Tests.RegisterNewUserTest" name="registerNewUser" time="20.154">
    <system-out>
      <![CDATA[Log INFO: Email Generated is-------test02_30_30_02_2025@eamil.com
Success: Your newsletter subscription has been successfully updated!]]>
    </system-out>
  </testcase> <!-- registerNewUser -->
  <testcase classname="Tests.RegisterNewUserTest" name="verifyAccountCreatedText" time="1.054"/>
  <testcase classname="Tests.RegisterNewUserTest" name="verifyCongratulationsText" time="1.047"/>
  <testcase classname="Tests.RegisterNewUserTest" name="verifyAdvantageText" time="1.049"/>
  <testcase classname="Tests.RegisterNewUserTest" name="verifyAnyQuestionText" time="1.051"/>
  <testcase classname="Tests.RegisterNewUserTest" name="verifyConfermationHasBeenSentText" time="1.052"/>
  <testcase classname="Tests.RegisterNewUserTest" name="checkContinueButtonDisplays" time="1.051"/>
  <testcase classname="Tests.RegisterNewUserTest" name="clickOnContinueButton" time="1.990"/>
  <system-out>
    <![CDATA[Log: INFO Settingup driver
Log: INFO Closing driver
Log: INFO Settingup driver
Login
Register
Forgotten Password
My Account
Address Book
Wish List
Order History
Downloads
Recurring payments
Reward Points
Returns
Transactions
Newsletter
Log: INFO Closing driver
Log: INFO Settingup driver
Log INFO: Email Generated is-------test02_30_30_02_2025@eamil.com
Success: Your newsletter subscription has been successfully updated!
Log: INFO Closing driver
Log: INFO Settingup driver
Log: INFO Closing driver]]>
  </system-out>
</testsuite> <!-- Tests.RegisterNewUserTest -->
