<?xml version="1.0" encoding="UTF-8"?>
<!-- Generated by org.testng.reporters.JUnitReportReporter -->
<testsuite hostname="Muhammads-MBP.communityfibre.co.uk" failures="0" tests="9" name="Tests.RegisterNewUserTest" time="4.271" errors="0" timestamp="2025-01-29T15:28:10 GMT" skipped="0">
  <testcase classname="Tests.RegisterNewUserTest" name="newUserPageNavigationByDifferentWays" time="1.868"/>
  <testcase classname="Tests.RegisterNewUserTest" name="registerNewUser" time="1.841">
    <system-out>
      <![CDATA[Log INFO: Email Generated is-------test15_28_07_01_2025@eamil.com]]>
    </system-out>
  </testcase> <!-- registerNewUser -->
  <testcase classname="Tests.RegisterNewUserTest" name="verifyAccountCreatedText" time="0.047"/>
  <testcase classname="Tests.RegisterNewUserTest" name="verifyCongratulationsText" time="0.031"/>
  <testcase classname="Tests.RegisterNewUserTest" name="verifyAdvantageText" time="0.033"/>
  <testcase classname="Tests.RegisterNewUserTest" name="verifyAnyQuestionText" time="0.035"/>
  <testcase classname="Tests.RegisterNewUserTest" name="verifyConfermationHasBeenSentText" time="0.033"/>
  <testcase classname="Tests.RegisterNewUserTest" name="checkContinueButtonDisplays" time="0.034"/>
  <testcase classname="Tests.RegisterNewUserTest" name="clickOnContinueButton" time="0.349"/>
  <system-out>
    <![CDATA[Log: INFO Settingup driver
Log: INFO Closing driver
Log: INFO Settingup driver
Log INFO: Email Generated is-------test15_28_07_01_2025@eamil.com
Log: INFO Closing driver]]>
  </system-out>
</testsuite> <!-- Tests.RegisterNewUserTest -->
