<?xml version="1.0" encoding="UTF-8"?>
<!-- Generated by org.testng.reporters.JUnitReportReporter -->
<testsuite hostname="Muhammads-MBP.communityfibre.co.uk" failures="0" tests="2" name="Tests.LoginTest" time="2.019" errors="0" timestamp="2025-01-28T16:51:19 GMT" skipped="0">
  <testcase classname="Tests.LoginTest" name="navigateToLogin" time="0.673"/>
  <testcase classname="Tests.LoginTest" name="ValidLoginToApp" time="1.346"/>
  <system-out>
    <![CDATA[Log: INFO Settingup driver
Chrome is running in Headless Mode!!, you can change the setting in Config file
Log: INFO Closing driver
Log: INFO Settingup driver
Chrome is running in Headless Mode!!, you can change the setting in Config file
Log INFO: Email Generated is-------test16_51_13_01_2025@eamil.com
Log: INFO Closing driver]]>
  </system-out>
</testsuite> <!-- Tests.LoginTest -->
