<?xml version="1.0" encoding="UTF-8"?>
<!-- Generated by org.testng.reporters.JUnitReportReporter -->
<testsuite hostname="Muhammads-MBP.communityfibre.co.uk" failures="0" tests="2" name="Tests.LoginTest" time="1.860" errors="0" timestamp="2025-01-21T21:22:04 GMT" skipped="0">
  <testcase classname="Tests.LoginTest" name="navigateToLogin" time="0.632"/>
  <testcase classname="Tests.LoginTest" name="ValidLoginToApp" time="1.228"/>
  <system-out>
    <![CDATA[Log: INFO Settingup driver
Log INFO: Email Generated is-------test21_21_50_01_2025@eamil.com
Log: INFO Closing driver
Log: INFO Settingup driver
Log: INFO Closing driver
Log: INFO Settingup driver
Log: INFO Closing driver]]>
  </system-out>
</testsuite> <!-- Tests.LoginTest -->
