<?xml version="1.0" encoding="UTF-8"?>
<!-- Generated by org.testng.reporters.JUnitReportReporter -->
<testsuite hostname="Muhammads-MBP.communityfibre.co.uk" failures="0" tests="2" name="Tests.LoginTest" time="10.244" errors="0" timestamp="2025-01-28T18:26:37 GMT" skipped="0">
  <testcase classname="Tests.LoginTest" name="navigateToLogin" time="3.993"/>
  <testcase classname="Tests.LoginTest" name="ValidLoginToApp" time="6.251"/>
  <system-out>
    <![CDATA[Log: INFO Settingup driver
Log: INFO Closing driver
Log: INFO Settingup driver
Log INFO: Email Generated is-------test18_26_05_01_2025@eamil.com
Log: INFO Closing driver]]>
  </system-out>
</testsuite> <!-- Tests.LoginTest -->
